mode: set
github.com/DevopsArtFactory/goployer/pkg/deployer/bluegreen.go:39.56,41.41 2 0
github.com/DevopsArtFactory/goployer/pkg/deployer/bluegreen.go:41.41,42.53 1 0
github.com/DevopsArtFactory/goployer/pkg/deployer/bluegreen.go:42.53,44.12 2 0
github.com/DevopsArtFactory/goployer/pkg/deployer/bluegreen.go:46.3,46.92 1 0
github.com/DevopsArtFactory/goployer/pkg/deployer/bluegreen.go:49.2,53.3 2 0
github.com/DevopsArtFactory/goployer/pkg/deployer/bluegreen.go:57.45,59.2 1 0
github.com/DevopsArtFactory/goployer/pkg/deployer/bluegreen.go:62.73,64.16 2 0
github.com/DevopsArtFactory/goployer/pkg/deployer/bluegreen.go:64.16,66.3 1 0
github.com/DevopsArtFactory/goployer/pkg/deployer/bluegreen.go:68.2,68.12 1 0
github.com/DevopsArtFactory/goployer/pkg/deployer/bluegreen.go:72.57,73.48 1 0
github.com/DevopsArtFactory/goployer/pkg/deployer/bluegreen.go:73.48,75.3 1 0
github.com/DevopsArtFactory/goployer/pkg/deployer/bluegreen.go:77.2,82.41 3 0
github.com/DevopsArtFactory/goployer/pkg/deployer/bluegreen.go:82.41,85.60 1 0
github.com/DevopsArtFactory/goployer/pkg/deployer/bluegreen.go:85.60,87.12 2 0
github.com/DevopsArtFactory/goployer/pkg/deployer/bluegreen.go:90.3,91.17 2 0
github.com/DevopsArtFactory/goployer/pkg/deployer/bluegreen.go:91.17,93.4 1 0
github.com/DevopsArtFactory/goployer/pkg/deployer/bluegreen.go:96.2,97.12 2 0
github.com/DevopsArtFactory/goployer/pkg/deployer/bluegreen.go:101.65,104.15 2 0
github.com/DevopsArtFactory/goployer/pkg/deployer/bluegreen.go:104.15,107.16 3 0
github.com/DevopsArtFactory/goployer/pkg/deployer/bluegreen.go:107.16,109.4 1 0
github.com/DevopsArtFactory/goployer/pkg/deployer/bluegreen.go:111.3,112.17 2 0
github.com/DevopsArtFactory/goployer/pkg/deployer/bluegreen.go:112.17,114.4 1 0
github.com/DevopsArtFactory/goployer/pkg/deployer/bluegreen.go:116.3,116.13 1 0
github.com/DevopsArtFactory/goployer/pkg/deployer/bluegreen.go:116.13,118.4 1 0
github.com/DevopsArtFactory/goployer/pkg/deployer/bluegreen.go:118.9,120.4 1 0
github.com/DevopsArtFactory/goployer/pkg/deployer/bluegreen.go:123.2,123.12 1 0
github.com/DevopsArtFactory/goployer/pkg/deployer/bluegreen.go:127.71,128.41 1 0
github.com/DevopsArtFactory/goployer/pkg/deployer/bluegreen.go:128.41,130.3 1 0
github.com/DevopsArtFactory/goployer/pkg/deployer/bluegreen.go:132.2,134.14 2 0
github.com/DevopsArtFactory/goployer/pkg/deployer/bluegreen.go:134.14,135.58 1 0
github.com/DevopsArtFactory/goployer/pkg/deployer/bluegreen.go:135.58,137.4 1 0
github.com/DevopsArtFactory/goployer/pkg/deployer/bluegreen.go:140.2,142.12 3 0
github.com/DevopsArtFactory/goployer/pkg/deployer/bluegreen.go:146.76,147.49 1 0
github.com/DevopsArtFactory/goployer/pkg/deployer/bluegreen.go:147.49,149.3 1 0
github.com/DevopsArtFactory/goployer/pkg/deployer/bluegreen.go:150.2,150.53 1 0
github.com/DevopsArtFactory/goployer/pkg/deployer/bluegreen.go:154.71,155.59 1 0
github.com/DevopsArtFactory/goployer/pkg/deployer/bluegreen.go:155.59,157.3 1 0
github.com/DevopsArtFactory/goployer/pkg/deployer/bluegreen.go:158.2,161.28 3 0
github.com/DevopsArtFactory/goployer/pkg/deployer/bluegreen.go:161.28,162.56 1 0
github.com/DevopsArtFactory/goployer/pkg/deployer/bluegreen.go:162.56,164.4 1 0
github.com/DevopsArtFactory/goployer/pkg/deployer/bluegreen.go:167.2,167.14 1 0
github.com/DevopsArtFactory/goployer/pkg/deployer/bluegreen.go:167.14,168.65 1 0
github.com/DevopsArtFactory/goployer/pkg/deployer/bluegreen.go:168.65,170.4 1 0
github.com/DevopsArtFactory/goployer/pkg/deployer/bluegreen.go:172.2,173.12 2 0
github.com/DevopsArtFactory/goployer/pkg/deployer/bluegreen.go:177.64,178.55 1 0
github.com/DevopsArtFactory/goployer/pkg/deployer/bluegreen.go:178.55,180.3 1 0
github.com/DevopsArtFactory/goployer/pkg/deployer/bluegreen.go:181.2,183.12 2 0
github.com/DevopsArtFactory/goployer/pkg/deployer/bluegreen.go:183.12,185.16 2 0
github.com/DevopsArtFactory/goployer/pkg/deployer/bluegreen.go:185.16,187.4 1 0
github.com/DevopsArtFactory/goployer/pkg/deployer/bluegreen.go:189.3,190.17 2 0
github.com/DevopsArtFactory/goployer/pkg/deployer/bluegreen.go:190.17,192.4 1 0
github.com/DevopsArtFactory/goployer/pkg/deployer/bluegreen.go:194.3,194.13 1 0
github.com/DevopsArtFactory/goployer/pkg/deployer/bluegreen.go:194.13,196.4 1 0
github.com/DevopsArtFactory/goployer/pkg/deployer/bluegreen.go:196.9,199.4 2 0
github.com/DevopsArtFactory/goployer/pkg/deployer/bluegreen.go:202.2,203.12 2 0
github.com/DevopsArtFactory/goployer/pkg/deployer/bluegreen.go:207.64,208.27 1 0
github.com/DevopsArtFactory/goployer/pkg/deployer/bluegreen.go:208.27,210.3 1 0
github.com/DevopsArtFactory/goployer/pkg/deployer/bluegreen.go:212.2,212.28 1 0
github.com/DevopsArtFactory/goployer/pkg/deployer/bluegreen.go:212.28,213.56 1 0
github.com/DevopsArtFactory/goployer/pkg/deployer/bluegreen.go:213.56,215.4 1 0
github.com/DevopsArtFactory/goployer/pkg/deployer/bluegreen.go:218.2,218.56 1 0
github.com/DevopsArtFactory/goployer/pkg/deployer/bluegreen.go:218.56,220.3 1 0
github.com/DevopsArtFactory/goployer/pkg/deployer/bluegreen.go:222.2,222.12 1 0
github.com/DevopsArtFactory/goployer/pkg/deployer/bluegreen.go:226.61,228.2 1 0
github.com/DevopsArtFactory/goployer/pkg/deployer/canary.go:48.50,50.41 2 0
github.com/DevopsArtFactory/goployer/pkg/deployer/canary.go:50.41,51.53 1 0
github.com/DevopsArtFactory/goployer/pkg/deployer/canary.go:51.53,53.12 2 0
github.com/DevopsArtFactory/goployer/pkg/deployer/canary.go:55.3,55.92 1 0
github.com/DevopsArtFactory/goployer/pkg/deployer/canary.go:58.2,67.3 2 0
github.com/DevopsArtFactory/goployer/pkg/deployer/canary.go:71.42,73.2 1 0
github.com/DevopsArtFactory/goployer/pkg/deployer/canary.go:76.70,78.16 2 0
github.com/DevopsArtFactory/goployer/pkg/deployer/canary.go:78.16,80.3 1 0
github.com/DevopsArtFactory/goployer/pkg/deployer/canary.go:82.2,82.12 1 0
github.com/DevopsArtFactory/goployer/pkg/deployer/canary.go:86.54,87.48 1 0
github.com/DevopsArtFactory/goployer/pkg/deployer/canary.go:87.48,89.3 1 0
github.com/DevopsArtFactory/goployer/pkg/deployer/canary.go:90.2,94.41 3 0
github.com/DevopsArtFactory/goployer/pkg/deployer/canary.go:94.41,97.60 1 0
github.com/DevopsArtFactory/goployer/pkg/deployer/canary.go:97.60,99.12 2 0
github.com/DevopsArtFactory/goployer/pkg/deployer/canary.go:102.3,102.75 1 0
github.com/DevopsArtFactory/goployer/pkg/deployer/canary.go:102.75,104.4 1 0
github.com/DevopsArtFactory/goployer/pkg/deployer/canary.go:106.3,108.17 3 0
github.com/DevopsArtFactory/goployer/pkg/deployer/canary.go:108.17,110.4 1 0
github.com/DevopsArtFactory/goployer/pkg/deployer/canary.go:112.3,119.17 6 0
github.com/DevopsArtFactory/goployer/pkg/deployer/canary.go:119.17,121.4 1 0
github.com/DevopsArtFactory/goployer/pkg/deployer/canary.go:124.3,125.17 2 0
github.com/DevopsArtFactory/goployer/pkg/deployer/canary.go:125.17,127.4 1 0
github.com/DevopsArtFactory/goployer/pkg/deployer/canary.go:130.3,131.17 2 0
github.com/DevopsArtFactory/goployer/pkg/deployer/canary.go:131.17,133.4 1 0
github.com/DevopsArtFactory/goployer/pkg/deployer/canary.go:135.3,135.32 1 0
github.com/DevopsArtFactory/goployer/pkg/deployer/canary.go:136.13,137.80 1 0
github.com/DevopsArtFactory/goployer/pkg/deployer/canary.go:137.80,139.5 1 0
github.com/DevopsArtFactory/goployer/pkg/deployer/canary.go:140.14,142.18 2 0
github.com/DevopsArtFactory/goployer/pkg/deployer/canary.go:142.18,144.5 1 0
github.com/DevopsArtFactory/goployer/pkg/deployer/canary.go:145.4,145.44 1 0
github.com/DevopsArtFactory/goployer/pkg/deployer/canary.go:149.2,150.12 2 0
github.com/DevopsArtFactory/goployer/pkg/deployer/canary.go:154.62,157.15 2 0
github.com/DevopsArtFactory/goployer/pkg/deployer/canary.go:157.15,160.16 3 0
github.com/DevopsArtFactory/goployer/pkg/deployer/canary.go:160.16,162.4 1 0
github.com/DevopsArtFactory/goployer/pkg/deployer/canary.go:164.3,165.17 2 0
github.com/DevopsArtFactory/goployer/pkg/deployer/canary.go:165.17,167.4 1 0
github.com/DevopsArtFactory/goployer/pkg/deployer/canary.go:169.3,169.13 1 0
github.com/DevopsArtFactory/goployer/pkg/deployer/canary.go:169.13,171.4 1 0
github.com/DevopsArtFactory/goployer/pkg/deployer/canary.go:171.9,173.4 1 0
github.com/DevopsArtFactory/goployer/pkg/deployer/canary.go:176.2,176.12 1 0
github.com/DevopsArtFactory/goployer/pkg/deployer/canary.go:180.68,181.41 1 0
github.com/DevopsArtFactory/goployer/pkg/deployer/canary.go:181.41,183.3 1 0
github.com/DevopsArtFactory/goployer/pkg/deployer/canary.go:185.2,185.27 1 0
github.com/DevopsArtFactory/goployer/pkg/deployer/canary.go:185.27,188.3 2 0
github.com/DevopsArtFactory/goployer/pkg/deployer/canary.go:190.2,192.14 2 0
github.com/DevopsArtFactory/goployer/pkg/deployer/canary.go:192.14,194.34 1 0
github.com/DevopsArtFactory/goployer/pkg/deployer/canary.go:194.34,195.65 1 0
github.com/DevopsArtFactory/goployer/pkg/deployer/canary.go:195.65,197.5 1 0
github.com/DevopsArtFactory/goployer/pkg/deployer/canary.go:199.4,199.51 1 0
github.com/DevopsArtFactory/goployer/pkg/deployer/canary.go:199.51,201.5 1 0
github.com/DevopsArtFactory/goployer/pkg/deployer/canary.go:204.3,204.58 1 0
github.com/DevopsArtFactory/goployer/pkg/deployer/canary.go:204.58,206.4 1 0
github.com/DevopsArtFactory/goployer/pkg/deployer/canary.go:209.2,211.12 3 0
github.com/DevopsArtFactory/goployer/pkg/deployer/canary.go:215.73,216.49 1 0
github.com/DevopsArtFactory/goployer/pkg/deployer/canary.go:216.49,218.3 1 0
github.com/DevopsArtFactory/goployer/pkg/deployer/canary.go:219.2,219.27 1 0
github.com/DevopsArtFactory/goployer/pkg/deployer/canary.go:219.27,222.3 2 0
github.com/DevopsArtFactory/goployer/pkg/deployer/canary.go:223.2,223.53 1 0
github.com/DevopsArtFactory/goployer/pkg/deployer/canary.go:227.68,228.59 1 0
github.com/DevopsArtFactory/goployer/pkg/deployer/canary.go:228.59,230.3 1 0
github.com/DevopsArtFactory/goployer/pkg/deployer/canary.go:231.2,234.28 3 0
github.com/DevopsArtFactory/goployer/pkg/deployer/canary.go:234.28,235.56 1 0
github.com/DevopsArtFactory/goployer/pkg/deployer/canary.go:235.56,237.4 1 0
github.com/DevopsArtFactory/goployer/pkg/deployer/canary.go:240.2,240.52 1 0
github.com/DevopsArtFactory/goployer/pkg/deployer/canary.go:240.52,243.3 2 0
github.com/DevopsArtFactory/goployer/pkg/deployer/canary.go:245.2,245.14 1 0
github.com/DevopsArtFactory/goployer/pkg/deployer/canary.go:245.14,247.42 2 0
github.com/DevopsArtFactory/goployer/pkg/deployer/canary.go:247.42,248.88 1 0
github.com/DevopsArtFactory/goployer/pkg/deployer/canary.go:248.88,250.5 1 0
github.com/DevopsArtFactory/goployer/pkg/deployer/canary.go:260.2,261.12 2 0
github.com/DevopsArtFactory/goployer/pkg/deployer/canary.go:265.61,266.48 1 0
github.com/DevopsArtFactory/goployer/pkg/deployer/canary.go:266.48,268.3 1 0
github.com/DevopsArtFactory/goployer/pkg/deployer/canary.go:269.2,269.27 1 0
github.com/DevopsArtFactory/goployer/pkg/deployer/canary.go:269.27,271.3 1 0
github.com/DevopsArtFactory/goployer/pkg/deployer/canary.go:273.2,273.28 1 0
github.com/DevopsArtFactory/goployer/pkg/deployer/canary.go:273.28,274.56 1 0
github.com/DevopsArtFactory/goployer/pkg/deployer/canary.go:274.56,276.4 1 0
github.com/DevopsArtFactory/goployer/pkg/deployer/canary.go:279.2,279.28 1 0
github.com/DevopsArtFactory/goployer/pkg/deployer/canary.go:279.28,282.3 2 0
github.com/DevopsArtFactory/goployer/pkg/deployer/canary.go:284.2,284.56 1 0
github.com/DevopsArtFactory/goployer/pkg/deployer/canary.go:284.56,286.3 1 0
github.com/DevopsArtFactory/goployer/pkg/deployer/canary.go:288.2,289.12 2 0
github.com/DevopsArtFactory/goployer/pkg/deployer/canary.go:293.58,294.48 1 0
github.com/DevopsArtFactory/goployer/pkg/deployer/canary.go:294.48,296.3 1 0
github.com/DevopsArtFactory/goployer/pkg/deployer/canary.go:298.2,298.28 1 0
github.com/DevopsArtFactory/goployer/pkg/deployer/canary.go:298.28,301.3 2 0
github.com/DevopsArtFactory/goployer/pkg/deployer/canary.go:303.2,304.16 2 0
github.com/DevopsArtFactory/goployer/pkg/deployer/canary.go:304.16,306.3 1 0
github.com/DevopsArtFactory/goployer/pkg/deployer/canary.go:308.2,309.12 2 0
github.com/DevopsArtFactory/goployer/pkg/deployer/canary.go:313.87,314.85 1 0
github.com/DevopsArtFactory/goployer/pkg/deployer/canary.go:314.85,316.3 1 0
github.com/DevopsArtFactory/goployer/pkg/deployer/canary.go:318.2,318.12 1 0
github.com/DevopsArtFactory/goployer/pkg/deployer/canary.go:322.115,324.16 2 0
github.com/DevopsArtFactory/goployer/pkg/deployer/canary.go:324.16,326.3 1 0
github.com/DevopsArtFactory/goployer/pkg/deployer/canary.go:328.2,329.16 2 0
github.com/DevopsArtFactory/goployer/pkg/deployer/canary.go:329.16,331.3 1 0
github.com/DevopsArtFactory/goployer/pkg/deployer/canary.go:333.2,333.28 1 0
github.com/DevopsArtFactory/goployer/pkg/deployer/canary.go:337.74,339.2 1 0
github.com/DevopsArtFactory/goployer/pkg/deployer/canary.go:342.71,344.2 1 0
github.com/DevopsArtFactory/goployer/pkg/deployer/canary.go:347.72,349.2 1 0
github.com/DevopsArtFactory/goployer/pkg/deployer/canary.go:352.74,354.2 1 0
github.com/DevopsArtFactory/goployer/pkg/deployer/canary.go:357.76,359.16 2 0
github.com/DevopsArtFactory/goployer/pkg/deployer/canary.go:359.16,361.3 1 0
github.com/DevopsArtFactory/goployer/pkg/deployer/canary.go:363.2,364.16 2 0
github.com/DevopsArtFactory/goployer/pkg/deployer/canary.go:364.16,366.3 1 0
github.com/DevopsArtFactory/goployer/pkg/deployer/canary.go:368.2,369.30 2 0
github.com/DevopsArtFactory/goployer/pkg/deployer/canary.go:369.30,370.42 1 0
github.com/DevopsArtFactory/goployer/pkg/deployer/canary.go:370.42,371.49 1 0
github.com/DevopsArtFactory/goployer/pkg/deployer/canary.go:371.49,373.5 1 0
github.com/DevopsArtFactory/goployer/pkg/deployer/canary.go:377.2,377.21 1 0
github.com/DevopsArtFactory/goployer/pkg/deployer/canary.go:377.21,379.3 1 0
github.com/DevopsArtFactory/goployer/pkg/deployer/canary.go:381.2,383.20 2 0
github.com/DevopsArtFactory/goployer/pkg/deployer/canary.go:387.98,389.24 1 0
github.com/DevopsArtFactory/goployer/pkg/deployer/canary.go:389.24,390.45 1 0
github.com/DevopsArtFactory/goployer/pkg/deployer/canary.go:390.45,392.4 1 0
github.com/DevopsArtFactory/goployer/pkg/deployer/canary.go:394.3,394.31 1 0
github.com/DevopsArtFactory/goployer/pkg/deployer/canary.go:397.2,397.59 1 0
github.com/DevopsArtFactory/goployer/pkg/deployer/canary.go:401.76,403.41 1 0
github.com/DevopsArtFactory/goployer/pkg/deployer/canary.go:403.41,405.60 1 0
github.com/DevopsArtFactory/goployer/pkg/deployer/canary.go:405.60,407.12 2 0
github.com/DevopsArtFactory/goployer/pkg/deployer/canary.go:410.3,411.17 2 0
github.com/DevopsArtFactory/goployer/pkg/deployer/canary.go:411.17,413.4 1 0
github.com/DevopsArtFactory/goployer/pkg/deployer/canary.go:415.3,417.17 3 0
github.com/DevopsArtFactory/goployer/pkg/deployer/canary.go:417.17,419.4 1 0
github.com/DevopsArtFactory/goployer/pkg/deployer/canary.go:421.3,421.29 1 0
github.com/DevopsArtFactory/goployer/pkg/deployer/canary.go:421.29,423.4 1 0
github.com/DevopsArtFactory/goployer/pkg/deployer/canary.go:425.3,426.111 2 0
github.com/DevopsArtFactory/goployer/pkg/deployer/canary.go:426.111,428.4 1 0
github.com/DevopsArtFactory/goployer/pkg/deployer/canary.go:431.2,432.12 2 0
github.com/DevopsArtFactory/goployer/pkg/deployer/canary.go:436.108,437.44 1 0
github.com/DevopsArtFactory/goployer/pkg/deployer/canary.go:437.44,439.3 1 0
github.com/DevopsArtFactory/goployer/pkg/deployer/canary.go:440.2,442.34 2 0
github.com/DevopsArtFactory/goployer/pkg/deployer/canary.go:442.34,444.3 1 0
github.com/DevopsArtFactory/goployer/pkg/deployer/canary.go:445.2,446.15 2 0
github.com/DevopsArtFactory/goployer/pkg/deployer/canary.go:450.61,451.55 1 0
github.com/DevopsArtFactory/goployer/pkg/deployer/canary.go:451.55,453.3 1 0
github.com/DevopsArtFactory/goployer/pkg/deployer/canary.go:454.2,458.12 4 0
github.com/DevopsArtFactory/goployer/pkg/deployer/canary.go:458.12,460.16 2 0
github.com/DevopsArtFactory/goployer/pkg/deployer/canary.go:460.16,462.4 1 0
github.com/DevopsArtFactory/goployer/pkg/deployer/canary.go:464.3,465.17 2 0
github.com/DevopsArtFactory/goployer/pkg/deployer/canary.go:465.17,467.4 1 0
github.com/DevopsArtFactory/goployer/pkg/deployer/canary.go:469.3,469.13 1 0
github.com/DevopsArtFactory/goployer/pkg/deployer/canary.go:469.13,471.4 1 0
github.com/DevopsArtFactory/goployer/pkg/deployer/canary.go:471.9,474.4 2 0
github.com/DevopsArtFactory/goployer/pkg/deployer/canary.go:477.2,478.12 2 0
github.com/DevopsArtFactory/goployer/pkg/deployer/canary.go:482.99,484.16 2 0
github.com/DevopsArtFactory/goployer/pkg/deployer/canary.go:484.16,486.3 1 0
github.com/DevopsArtFactory/goployer/pkg/deployer/canary.go:488.2,489.16 2 0
github.com/DevopsArtFactory/goployer/pkg/deployer/canary.go:489.16,491.3 1 0
github.com/DevopsArtFactory/goployer/pkg/deployer/canary.go:493.2,493.35 1 0
github.com/DevopsArtFactory/goployer/pkg/deployer/canary.go:493.35,494.67 1 0
github.com/DevopsArtFactory/goployer/pkg/deployer/canary.go:494.67,496.4 1 0
github.com/DevopsArtFactory/goployer/pkg/deployer/canary.go:499.2,499.17 1 0
github.com/DevopsArtFactory/goployer/pkg/deployer/canary.go:503.58,505.2 1 0
github.com/DevopsArtFactory/goployer/pkg/deployer/canary.go:508.59,510.25 2 1
github.com/DevopsArtFactory/goployer/pkg/deployer/canary.go:510.25,511.47 1 1
github.com/DevopsArtFactory/goployer/pkg/deployer/canary.go:511.47,514.34 3 1
github.com/DevopsArtFactory/goployer/pkg/deployer/canary.go:514.34,516.5 1 1
github.com/DevopsArtFactory/goployer/pkg/deployer/canary.go:520.2,520.22 1 1
github.com/DevopsArtFactory/goployer/pkg/deployer/canary.go:524.118,526.16 2 0
github.com/DevopsArtFactory/goployer/pkg/deployer/canary.go:526.16,528.3 1 0
github.com/DevopsArtFactory/goployer/pkg/deployer/canary.go:530.2,533.16 3 0
github.com/DevopsArtFactory/goployer/pkg/deployer/canary.go:533.16,535.3 1 0
github.com/DevopsArtFactory/goployer/pkg/deployer/canary.go:537.2,538.23 2 0
github.com/DevopsArtFactory/goployer/pkg/deployer/canary.go:538.23,541.17 3 0
github.com/DevopsArtFactory/goployer/pkg/deployer/canary.go:541.17,543.4 1 0
github.com/DevopsArtFactory/goployer/pkg/deployer/canary.go:544.8,547.3 2 0
github.com/DevopsArtFactory/goployer/pkg/deployer/canary.go:549.2,550.16 2 0
github.com/DevopsArtFactory/goployer/pkg/deployer/canary.go:550.16,552.3 1 0
github.com/DevopsArtFactory/goployer/pkg/deployer/canary.go:554.2,554.16 1 0
github.com/DevopsArtFactory/goployer/pkg/deployer/canary.go:558.98,560.16 2 0
github.com/DevopsArtFactory/goployer/pkg/deployer/canary.go:560.16,562.3 1 0
github.com/DevopsArtFactory/goployer/pkg/deployer/canary.go:564.2,565.16 2 0
github.com/DevopsArtFactory/goployer/pkg/deployer/canary.go:565.16,567.3 1 0
github.com/DevopsArtFactory/goployer/pkg/deployer/canary.go:569.2,569.33 1 0
github.com/DevopsArtFactory/goployer/pkg/deployer/canary.go:569.33,571.3 1 0
github.com/DevopsArtFactory/goployer/pkg/deployer/canary.go:573.2,573.84 1 0
github.com/DevopsArtFactory/goployer/pkg/deployer/canary.go:577.137,579.16 2 0
github.com/DevopsArtFactory/goployer/pkg/deployer/canary.go:579.16,581.3 1 0
github.com/DevopsArtFactory/goployer/pkg/deployer/canary.go:583.2,585.20 2 0
github.com/DevopsArtFactory/goployer/pkg/deployer/canary.go:585.20,587.17 2 0
github.com/DevopsArtFactory/goployer/pkg/deployer/canary.go:587.17,589.4 1 0
github.com/DevopsArtFactory/goployer/pkg/deployer/canary.go:590.3,593.13 3 0
github.com/DevopsArtFactory/goployer/pkg/deployer/canary.go:596.2,598.16 3 0
github.com/DevopsArtFactory/goployer/pkg/deployer/canary.go:598.16,599.84 1 0
github.com/DevopsArtFactory/goployer/pkg/deployer/canary.go:599.84,602.4 2 0
github.com/DevopsArtFactory/goployer/pkg/deployer/canary.go:604.3,604.18 1 0
github.com/DevopsArtFactory/goployer/pkg/deployer/canary.go:604.18,606.4 1 0
github.com/DevopsArtFactory/goployer/pkg/deployer/canary.go:609.2,609.16 1 0
github.com/DevopsArtFactory/goployer/pkg/deployer/canary.go:609.16,611.17 2 0
github.com/DevopsArtFactory/goployer/pkg/deployer/canary.go:611.17,613.4 1 0
github.com/DevopsArtFactory/goployer/pkg/deployer/canary.go:614.3,614.68 1 0
github.com/DevopsArtFactory/goployer/pkg/deployer/canary.go:615.8,615.130 1 0
github.com/DevopsArtFactory/goployer/pkg/deployer/canary.go:615.130,617.3 1 0
github.com/DevopsArtFactory/goployer/pkg/deployer/canary.go:620.2,620.155 1 0
github.com/DevopsArtFactory/goployer/pkg/deployer/canary.go:620.155,622.3 1 0
github.com/DevopsArtFactory/goployer/pkg/deployer/canary.go:624.2,627.12 3 0
github.com/DevopsArtFactory/goployer/pkg/deployer/canary.go:631.99,633.16 2 0
github.com/DevopsArtFactory/goployer/pkg/deployer/canary.go:633.16,635.3 1 0
github.com/DevopsArtFactory/goployer/pkg/deployer/canary.go:637.2,640.16 3 0
github.com/DevopsArtFactory/goployer/pkg/deployer/canary.go:640.16,643.3 2 0
github.com/DevopsArtFactory/goployer/pkg/deployer/canary.go:645.2,647.21 2 0
github.com/DevopsArtFactory/goployer/pkg/deployer/canary.go:651.115,653.16 2 0
github.com/DevopsArtFactory/goployer/pkg/deployer/canary.go:653.16,655.3 1 0
github.com/DevopsArtFactory/goployer/pkg/deployer/canary.go:657.2,661.16 4 0
github.com/DevopsArtFactory/goployer/pkg/deployer/canary.go:661.16,662.84 1 0
github.com/DevopsArtFactory/goployer/pkg/deployer/canary.go:662.84,665.4 2 0
github.com/DevopsArtFactory/goployer/pkg/deployer/canary.go:666.3,666.18 1 0
github.com/DevopsArtFactory/goployer/pkg/deployer/canary.go:666.18,668.4 1 0
github.com/DevopsArtFactory/goployer/pkg/deployer/canary.go:671.2,671.16 1 0
github.com/DevopsArtFactory/goployer/pkg/deployer/canary.go:671.16,673.17 2 0
github.com/DevopsArtFactory/goployer/pkg/deployer/canary.go:673.17,675.4 1 0
github.com/DevopsArtFactory/goployer/pkg/deployer/canary.go:677.3,677.68 1 0
github.com/DevopsArtFactory/goployer/pkg/deployer/canary.go:681.2,681.124 1 0
github.com/DevopsArtFactory/goployer/pkg/deployer/canary.go:681.124,683.3 1 0
github.com/DevopsArtFactory/goployer/pkg/deployer/canary.go:686.2,686.123 1 0
github.com/DevopsArtFactory/goployer/pkg/deployer/canary.go:686.123,688.3 1 0
github.com/DevopsArtFactory/goployer/pkg/deployer/canary.go:690.2,690.21 1 0
github.com/DevopsArtFactory/goployer/pkg/deployer/canary.go:694.89,696.16 2 0
github.com/DevopsArtFactory/goployer/pkg/deployer/canary.go:696.16,698.3 1 0
github.com/DevopsArtFactory/goployer/pkg/deployer/canary.go:700.2,701.34 2 0
github.com/DevopsArtFactory/goployer/pkg/deployer/canary.go:701.34,704.3 2 0
github.com/DevopsArtFactory/goployer/pkg/deployer/canary.go:706.2,709.51 4 0
github.com/DevopsArtFactory/goployer/pkg/deployer/canary.go:709.51,711.3 1 0
github.com/DevopsArtFactory/goployer/pkg/deployer/canary.go:713.2,717.6 4 0
github.com/DevopsArtFactory/goployer/pkg/deployer/canary.go:717.6,719.17 2 0
github.com/DevopsArtFactory/goployer/pkg/deployer/canary.go:719.17,720.17 1 0
github.com/DevopsArtFactory/goployer/pkg/deployer/canary.go:720.17,723.5 2 0
github.com/DevopsArtFactory/goployer/pkg/deployer/canary.go:723.10,725.5 1 0
github.com/DevopsArtFactory/goployer/pkg/deployer/canary.go:728.3,728.17 1 0
github.com/DevopsArtFactory/goployer/pkg/deployer/canary.go:728.17,729.9 1 0
github.com/DevopsArtFactory/goployer/pkg/deployer/canary.go:733.2,733.12 1 0
github.com/DevopsArtFactory/goployer/pkg/deployer/canary.go:737.103,739.16 2 0
github.com/DevopsArtFactory/goployer/pkg/deployer/canary.go:739.16,741.3 1 0
github.com/DevopsArtFactory/goployer/pkg/deployer/canary.go:743.2,746.16 3 0
github.com/DevopsArtFactory/goployer/pkg/deployer/canary.go:746.16,748.3 1 0
github.com/DevopsArtFactory/goployer/pkg/deployer/canary.go:750.2,750.30 1 0
github.com/DevopsArtFactory/goployer/pkg/deployer/canary.go:750.30,751.161 1 0
github.com/DevopsArtFactory/goployer/pkg/deployer/canary.go:751.161,752.12 1 0
github.com/DevopsArtFactory/goployer/pkg/deployer/canary.go:755.3,756.95 2 0
github.com/DevopsArtFactory/goployer/pkg/deployer/canary.go:756.95,758.4 1 0
github.com/DevopsArtFactory/goployer/pkg/deployer/canary.go:759.3,761.42 2 0
github.com/DevopsArtFactory/goployer/pkg/deployer/canary.go:761.42,762.55 1 0
github.com/DevopsArtFactory/goployer/pkg/deployer/canary.go:762.55,764.69 2 0
github.com/DevopsArtFactory/goployer/pkg/deployer/canary.go:764.69,766.6 1 0
github.com/DevopsArtFactory/goployer/pkg/deployer/canary.go:767.5,767.53 1 0
github.com/DevopsArtFactory/goployer/pkg/deployer/canary.go:772.2,773.20 2 0
github.com/DevopsArtFactory/goployer/pkg/deployer/canary.go:773.20,774.54 1 0
github.com/DevopsArtFactory/goployer/pkg/deployer/canary.go:774.54,776.4 1 0
github.com/DevopsArtFactory/goployer/pkg/deployer/canary.go:778.3,778.64 1 0
github.com/DevopsArtFactory/goployer/pkg/deployer/canary.go:778.64,780.4 1 0
github.com/DevopsArtFactory/goployer/pkg/deployer/canary.go:782.3,782.57 1 0
github.com/DevopsArtFactory/goployer/pkg/deployer/canary.go:782.57,784.4 1 0
github.com/DevopsArtFactory/goployer/pkg/deployer/canary.go:786.3,786.58 1 0
github.com/DevopsArtFactory/goployer/pkg/deployer/canary.go:786.58,788.4 1 0
github.com/DevopsArtFactory/goployer/pkg/deployer/canary.go:790.3,790.57 1 0
github.com/DevopsArtFactory/goployer/pkg/deployer/canary.go:790.57,792.4 1 0
github.com/DevopsArtFactory/goployer/pkg/deployer/canary.go:795.2,795.12 1 0
github.com/DevopsArtFactory/goployer/pkg/deployer/canary.go:799.72,800.45 1 0
github.com/DevopsArtFactory/goployer/pkg/deployer/canary.go:800.45,803.3 2 0
github.com/DevopsArtFactory/goployer/pkg/deployer/canary.go:805.2,806.16 2 0
github.com/DevopsArtFactory/goployer/pkg/deployer/canary.go:806.16,808.3 1 0
github.com/DevopsArtFactory/goployer/pkg/deployer/canary.go:810.2,811.16 2 0
github.com/DevopsArtFactory/goployer/pkg/deployer/canary.go:811.16,813.3 1 0
github.com/DevopsArtFactory/goployer/pkg/deployer/canary.go:815.2,817.12 2 0
github.com/DevopsArtFactory/goployer/pkg/deployer/canary.go:821.75,822.45 1 0
github.com/DevopsArtFactory/goployer/pkg/deployer/canary.go:822.45,825.3 2 0
github.com/DevopsArtFactory/goployer/pkg/deployer/canary.go:827.2,828.16 2 0
github.com/DevopsArtFactory/goployer/pkg/deployer/canary.go:828.16,830.3 1 0
github.com/DevopsArtFactory/goployer/pkg/deployer/canary.go:832.2,836.6 4 0
github.com/DevopsArtFactory/goployer/pkg/deployer/canary.go:836.6,838.17 2 0
github.com/DevopsArtFactory/goployer/pkg/deployer/canary.go:838.17,839.17 1 0
github.com/DevopsArtFactory/goployer/pkg/deployer/canary.go:839.17,843.5 3 0
github.com/DevopsArtFactory/goployer/pkg/deployer/canary.go:843.10,845.5 1 0
github.com/DevopsArtFactory/goployer/pkg/deployer/canary.go:848.3,848.17 1 0
github.com/DevopsArtFactory/goployer/pkg/deployer/canary.go:848.17,849.9 1 0
github.com/DevopsArtFactory/goployer/pkg/deployer/canary.go:852.2,854.12 2 0
github.com/DevopsArtFactory/goployer/pkg/deployer/canary.go:858.76,859.43 1 0
github.com/DevopsArtFactory/goployer/pkg/deployer/canary.go:859.43,862.3 2 0
github.com/DevopsArtFactory/goployer/pkg/deployer/canary.go:864.2,865.16 2 0
github.com/DevopsArtFactory/goployer/pkg/deployer/canary.go:865.16,867.3 1 0
github.com/DevopsArtFactory/goployer/pkg/deployer/canary.go:869.2,870.16 2 0
github.com/DevopsArtFactory/goployer/pkg/deployer/canary.go:870.16,872.3 1 0
github.com/DevopsArtFactory/goployer/pkg/deployer/canary.go:874.2,876.12 2 0
github.com/DevopsArtFactory/goployer/pkg/deployer/canary.go:880.75,881.43 1 0
github.com/DevopsArtFactory/goployer/pkg/deployer/canary.go:881.43,884.3 2 0
github.com/DevopsArtFactory/goployer/pkg/deployer/canary.go:886.2,887.16 2 0
github.com/DevopsArtFactory/goployer/pkg/deployer/canary.go:887.16,889.3 1 0
github.com/DevopsArtFactory/goployer/pkg/deployer/canary.go:892.2,893.16 2 0
github.com/DevopsArtFactory/goployer/pkg/deployer/canary.go:893.16,895.3 1 0
github.com/DevopsArtFactory/goployer/pkg/deployer/canary.go:897.2,897.25 1 0
github.com/DevopsArtFactory/goployer/pkg/deployer/canary.go:897.25,899.3 1 0
github.com/DevopsArtFactory/goployer/pkg/deployer/canary.go:901.2,902.48 2 0
github.com/DevopsArtFactory/goployer/pkg/deployer/canary.go:902.48,903.35 1 0
github.com/DevopsArtFactory/goployer/pkg/deployer/canary.go:903.35,904.44 1 0
github.com/DevopsArtFactory/goployer/pkg/deployer/canary.go:904.44,905.135 1 0
github.com/DevopsArtFactory/goployer/pkg/deployer/canary.go:905.135,907.6 1 0
github.com/DevopsArtFactory/goployer/pkg/deployer/canary.go:912.2,914.12 2 0
github.com/DevopsArtFactory/goployer/pkg/deployer/canary.go:918.81,920.16 2 0
github.com/DevopsArtFactory/goployer/pkg/deployer/canary.go:920.16,922.3 1 0
github.com/DevopsArtFactory/goployer/pkg/deployer/canary.go:924.2,925.16 2 0
github.com/DevopsArtFactory/goployer/pkg/deployer/canary.go:925.16,927.3 1 0
github.com/DevopsArtFactory/goployer/pkg/deployer/canary.go:929.2,931.12 2 0
github.com/DevopsArtFactory/goployer/pkg/deployer/canary.go:935.104,937.16 2 0
github.com/DevopsArtFactory/goployer/pkg/deployer/canary.go:937.16,939.3 1 0
github.com/DevopsArtFactory/goployer/pkg/deployer/canary.go:941.2,942.25 2 0
github.com/DevopsArtFactory/goployer/pkg/deployer/canary.go:942.25,943.54 1 0
github.com/DevopsArtFactory/goployer/pkg/deployer/canary.go:943.54,945.4 1 0
github.com/DevopsArtFactory/goployer/pkg/deployer/canary.go:947.2,948.16 2 0
github.com/DevopsArtFactory/goployer/pkg/deployer/canary.go:948.16,950.3 1 0
github.com/DevopsArtFactory/goployer/pkg/deployer/canary.go:952.2,954.12 2 0
github.com/DevopsArtFactory/goployer/pkg/deployer/canary.go:958.128,960.16 2 0
github.com/DevopsArtFactory/goployer/pkg/deployer/canary.go:960.16,962.3 1 0
github.com/DevopsArtFactory/goployer/pkg/deployer/canary.go:964.2,964.25 1 0
github.com/DevopsArtFactory/goployer/pkg/deployer/canary.go:964.25,966.35 2 0
github.com/DevopsArtFactory/goployer/pkg/deployer/canary.go:966.35,967.35 1 0
github.com/DevopsArtFactory/goployer/pkg/deployer/canary.go:967.35,969.5 1 0
github.com/DevopsArtFactory/goployer/pkg/deployer/canary.go:971.3,971.19 1 0
github.com/DevopsArtFactory/goployer/pkg/deployer/canary.go:971.19,973.18 2 0
github.com/DevopsArtFactory/goployer/pkg/deployer/canary.go:973.18,975.5 1 0
github.com/DevopsArtFactory/goployer/pkg/deployer/canary.go:977.4,977.81 1 0
github.com/DevopsArtFactory/goployer/pkg/deployer/canary.go:981.2,981.12 1 0
github.com/DevopsArtFactory/goployer/pkg/deployer/canary.go:985.156,987.16 2 0
github.com/DevopsArtFactory/goployer/pkg/deployer/canary.go:987.16,989.3 1 0
github.com/DevopsArtFactory/goployer/pkg/deployer/canary.go:991.2,992.16 2 0
github.com/DevopsArtFactory/goployer/pkg/deployer/canary.go:992.16,994.3 1 0
github.com/DevopsArtFactory/goployer/pkg/deployer/canary.go:995.2,998.66 3 0
github.com/DevopsArtFactory/goployer/pkg/deployer/canary.go:998.66,999.23 1 0
github.com/DevopsArtFactory/goployer/pkg/deployer/canary.go:999.23,1001.4 1 0
github.com/DevopsArtFactory/goployer/pkg/deployer/canary.go:1004.2,1005.16 2 0
github.com/DevopsArtFactory/goployer/pkg/deployer/canary.go:1005.16,1007.3 1 0
github.com/DevopsArtFactory/goployer/pkg/deployer/canary.go:1008.2,1010.84 2 0
github.com/DevopsArtFactory/goployer/pkg/deployer/canary.go:1010.84,1012.3 1 0
github.com/DevopsArtFactory/goployer/pkg/deployer/canary.go:1014.2,1014.12 1 0
github.com/DevopsArtFactory/goployer/pkg/deployer/canary.go:1018.208,1023.16 4 0
github.com/DevopsArtFactory/goployer/pkg/deployer/canary.go:1023.16,1025.3 1 0
github.com/DevopsArtFactory/goployer/pkg/deployer/canary.go:1026.2,1028.115 2 0
github.com/DevopsArtFactory/goployer/pkg/deployer/canary.go:1028.115,1030.3 1 0
github.com/DevopsArtFactory/goployer/pkg/deployer/canary.go:1031.2,1037.58 5 0
github.com/DevopsArtFactory/goployer/pkg/deployer/canary.go:1037.58,1039.3 1 0
github.com/DevopsArtFactory/goployer/pkg/deployer/canary.go:1041.2,1041.20 1 0
github.com/DevopsArtFactory/goployer/pkg/deployer/canary.go:1045.119,1047.16 2 0
github.com/DevopsArtFactory/goployer/pkg/deployer/canary.go:1047.16,1049.3 1 0
github.com/DevopsArtFactory/goployer/pkg/deployer/canary.go:1051.2,1051.22 1 0
github.com/DevopsArtFactory/goployer/pkg/deployer/canary.go:1051.22,1053.3 1 0
github.com/DevopsArtFactory/goployer/pkg/deployer/canary.go:1055.2,1057.16 3 0
github.com/DevopsArtFactory/goployer/pkg/deployer/canary.go:1057.16,1059.3 1 0
github.com/DevopsArtFactory/goployer/pkg/deployer/canary.go:1061.2,1063.92 2 0
github.com/DevopsArtFactory/goployer/pkg/deployer/canary.go:1063.92,1065.3 1 0
github.com/DevopsArtFactory/goployer/pkg/deployer/canary.go:1067.2,1067.61 1 0
github.com/DevopsArtFactory/goployer/pkg/deployer/canary.go:1067.61,1069.3 1 0
github.com/DevopsArtFactory/goployer/pkg/deployer/canary.go:1071.2,1071.96 1 0
github.com/DevopsArtFactory/goployer/pkg/deployer/canary.go:1071.96,1073.3 1 0
github.com/DevopsArtFactory/goployer/pkg/deployer/canary.go:1075.2,1075.132 1 0
github.com/DevopsArtFactory/goployer/pkg/deployer/canary.go:1075.132,1077.3 1 0
github.com/DevopsArtFactory/goployer/pkg/deployer/canary.go:1079.2,1080.16 2 0
github.com/DevopsArtFactory/goployer/pkg/deployer/canary.go:1080.16,1082.3 1 0
github.com/DevopsArtFactory/goployer/pkg/deployer/canary.go:1084.2,1085.94 2 0
github.com/DevopsArtFactory/goployer/pkg/deployer/canary.go:1085.94,1087.3 1 0
github.com/DevopsArtFactory/goployer/pkg/deployer/canary.go:1090.2,1093.12 3 0
github.com/DevopsArtFactory/goployer/pkg/deployer/canary.go:1097.176,1099.16 2 0
github.com/DevopsArtFactory/goployer/pkg/deployer/canary.go:1099.16,1101.3 1 0
github.com/DevopsArtFactory/goployer/pkg/deployer/canary.go:1103.2,1104.67 2 0
github.com/DevopsArtFactory/goployer/pkg/deployer/canary.go:1104.67,1105.32 1 0
github.com/DevopsArtFactory/goployer/pkg/deployer/canary.go:1105.32,1106.23 1 0
github.com/DevopsArtFactory/goployer/pkg/deployer/canary.go:1106.23,1108.19 2 0
github.com/DevopsArtFactory/goployer/pkg/deployer/canary.go:1108.19,1110.6 1 0
github.com/DevopsArtFactory/goployer/pkg/deployer/canary.go:1112.5,1113.19 2 0
github.com/DevopsArtFactory/goployer/pkg/deployer/canary.go:1113.19,1115.6 1 0
github.com/DevopsArtFactory/goployer/pkg/deployer/canary.go:1116.5,1116.104 1 0
github.com/DevopsArtFactory/goployer/pkg/deployer/canary.go:1118.9,1121.18 3 0
github.com/DevopsArtFactory/goployer/pkg/deployer/canary.go:1121.18,1123.5 1 0
github.com/DevopsArtFactory/goployer/pkg/deployer/canary.go:1126.3,1126.37 1 0
github.com/DevopsArtFactory/goployer/pkg/deployer/canary.go:1126.37,1128.18 2 0
github.com/DevopsArtFactory/goployer/pkg/deployer/canary.go:1128.18,1130.5 1 0
github.com/DevopsArtFactory/goployer/pkg/deployer/canary.go:1131.4,1131.66 1 0
github.com/DevopsArtFactory/goployer/pkg/deployer/canary.go:1135.2,1136.31 2 0
github.com/DevopsArtFactory/goployer/pkg/deployer/canary.go:1136.31,1138.3 1 0
github.com/DevopsArtFactory/goployer/pkg/deployer/canary.go:1140.2,1140.38 1 0
github.com/DevopsArtFactory/goployer/pkg/deployer/canary.go:1144.82,1145.45 1 0
github.com/DevopsArtFactory/goployer/pkg/deployer/canary.go:1145.45,1148.3 2 0
github.com/DevopsArtFactory/goployer/pkg/deployer/canary.go:1150.2,1151.16 2 0
github.com/DevopsArtFactory/goployer/pkg/deployer/canary.go:1151.16,1153.3 1 0
github.com/DevopsArtFactory/goployer/pkg/deployer/canary.go:1155.2,1156.12 2 0
github.com/DevopsArtFactory/goployer/pkg/deployer/canary.go:1156.12,1158.17 2 0
github.com/DevopsArtFactory/goployer/pkg/deployer/canary.go:1158.17,1160.4 1 0
github.com/DevopsArtFactory/goployer/pkg/deployer/canary.go:1162.3,1162.16 1 0
github.com/DevopsArtFactory/goployer/pkg/deployer/canary.go:1162.16,1165.4 2 0
github.com/DevopsArtFactory/goployer/pkg/deployer/canary.go:1165.9,1167.4 1 0
github.com/DevopsArtFactory/goployer/pkg/deployer/canary.go:1170.2,1170.12 1 0
github.com/DevopsArtFactory/goployer/pkg/deployer/canary.go:1174.65,1176.42 2 0
github.com/DevopsArtFactory/goployer/pkg/deployer/canary.go:1176.42,1178.3 1 0
github.com/DevopsArtFactory/goployer/pkg/deployer/canary.go:1180.2,1180.20 1 0
github.com/DevopsArtFactory/goployer/pkg/deployer/canary.go:1184.86,1186.37 2 0
github.com/DevopsArtFactory/goployer/pkg/deployer/canary.go:1186.37,1187.40 1 0
github.com/DevopsArtFactory/goployer/pkg/deployer/canary.go:1187.40,1189.4 1 0
github.com/DevopsArtFactory/goployer/pkg/deployer/canary.go:1192.2,1192.12 1 0
github.com/DevopsArtFactory/goployer/pkg/deployer/deployer.go:83.94,105.2 1 0
github.com/DevopsArtFactory/goployer/pkg/deployer/deployer.go:108.170,109.37 1 0
github.com/DevopsArtFactory/goployer/pkg/deployer/deployer.go:109.37,111.3 1 0
github.com/DevopsArtFactory/goployer/pkg/deployer/deployer.go:113.2,115.71 2 0
github.com/DevopsArtFactory/goployer/pkg/deployer/deployer.go:115.71,118.3 2 0
github.com/DevopsArtFactory/goployer/pkg/deployer/deployer.go:120.2,124.79 4 0
github.com/DevopsArtFactory/goployer/pkg/deployer/deployer.go:124.79,127.3 2 0
github.com/DevopsArtFactory/goployer/pkg/deployer/deployer.go:129.2,130.44 2 0
github.com/DevopsArtFactory/goployer/pkg/deployer/deployer.go:130.44,132.74 2 0
github.com/DevopsArtFactory/goployer/pkg/deployer/deployer.go:132.74,134.4 1 0
github.com/DevopsArtFactory/goployer/pkg/deployer/deployer.go:134.9,137.18 3 0
github.com/DevopsArtFactory/goployer/pkg/deployer/deployer.go:137.18,139.5 1 0
github.com/DevopsArtFactory/goployer/pkg/deployer/deployer.go:140.4,140.41 1 0
github.com/DevopsArtFactory/goployer/pkg/deployer/deployer.go:142.3,145.17 3 0
github.com/DevopsArtFactory/goployer/pkg/deployer/deployer.go:145.17,147.4 1 0
github.com/DevopsArtFactory/goployer/pkg/deployer/deployer.go:148.8,148.42 1 0
github.com/DevopsArtFactory/goployer/pkg/deployer/deployer.go:148.42,151.17 3 0
github.com/DevopsArtFactory/goployer/pkg/deployer/deployer.go:151.17,153.4 1 0
github.com/DevopsArtFactory/goployer/pkg/deployer/deployer.go:156.2,158.14 2 0
github.com/DevopsArtFactory/goployer/pkg/deployer/deployer.go:158.14,159.34 1 0
github.com/DevopsArtFactory/goployer/pkg/deployer/deployer.go:159.34,162.4 2 0
github.com/DevopsArtFactory/goployer/pkg/deployer/deployer.go:163.3,163.98 1 0
github.com/DevopsArtFactory/goployer/pkg/deployer/deployer.go:164.8,165.34 1 0
github.com/DevopsArtFactory/goployer/pkg/deployer/deployer.go:165.34,169.4 3 0
github.com/DevopsArtFactory/goployer/pkg/deployer/deployer.go:171.3,172.141 2 0
github.com/DevopsArtFactory/goployer/pkg/deployer/deployer.go:174.2,174.19 1 0
github.com/DevopsArtFactory/goployer/pkg/deployer/deployer.go:178.97,180.16 2 0
github.com/DevopsArtFactory/goployer/pkg/deployer/deployer.go:180.16,183.3 2 0
github.com/DevopsArtFactory/goployer/pkg/deployer/deployer.go:185.2,185.10 1 0
github.com/DevopsArtFactory/goployer/pkg/deployer/deployer.go:185.10,187.3 1 0
github.com/DevopsArtFactory/goployer/pkg/deployer/deployer.go:187.8,189.3 1 0
github.com/DevopsArtFactory/goployer/pkg/deployer/deployer.go:191.2,191.57 1 0
github.com/DevopsArtFactory/goployer/pkg/deployer/deployer.go:195.108,197.16 2 0
github.com/DevopsArtFactory/goployer/pkg/deployer/deployer.go:197.16,199.3 1 0
github.com/DevopsArtFactory/goployer/pkg/deployer/deployer.go:201.2,201.20 1 0
github.com/DevopsArtFactory/goployer/pkg/deployer/deployer.go:201.20,203.3 1 0
github.com/DevopsArtFactory/goployer/pkg/deployer/deployer.go:205.2,205.38 1 0
github.com/DevopsArtFactory/goployer/pkg/deployer/deployer.go:205.38,210.3 3 0
github.com/DevopsArtFactory/goployer/pkg/deployer/deployer.go:212.2,212.18 1 0
github.com/DevopsArtFactory/goployer/pkg/deployer/deployer.go:216.80,218.71 2 0
github.com/DevopsArtFactory/goployer/pkg/deployer/deployer.go:218.71,220.3 1 0
github.com/DevopsArtFactory/goployer/pkg/deployer/deployer.go:221.2,223.12 2 0
github.com/DevopsArtFactory/goployer/pkg/deployer/deployer.go:227.100,233.6 5 0
github.com/DevopsArtFactory/goployer/pkg/deployer/deployer.go:233.6,235.17 2 0
github.com/DevopsArtFactory/goployer/pkg/deployer/deployer.go:235.17,236.17 1 0
github.com/DevopsArtFactory/goployer/pkg/deployer/deployer.go:236.17,239.5 2 0
github.com/DevopsArtFactory/goployer/pkg/deployer/deployer.go:239.10,241.5 1 0
github.com/DevopsArtFactory/goployer/pkg/deployer/deployer.go:244.3,244.17 1 0
github.com/DevopsArtFactory/goployer/pkg/deployer/deployer.go:244.17,245.9 1 0
github.com/DevopsArtFactory/goployer/pkg/deployer/deployer.go:249.2,249.12 1 0
github.com/DevopsArtFactory/goployer/pkg/deployer/deployer.go:253.81,255.23 2 0
github.com/DevopsArtFactory/goployer/pkg/deployer/deployer.go:255.23,258.3 2 0
github.com/DevopsArtFactory/goployer/pkg/deployer/deployer.go:260.2,266.3 3 0
github.com/DevopsArtFactory/goployer/pkg/deployer/deployer.go:270.87,271.31 1 1
github.com/DevopsArtFactory/goployer/pkg/deployer/deployer.go:271.31,272.25 1 1
github.com/DevopsArtFactory/goployer/pkg/deployer/deployer.go:272.25,274.4 1 1
github.com/DevopsArtFactory/goployer/pkg/deployer/deployer.go:276.2,276.62 1 1
github.com/DevopsArtFactory/goployer/pkg/deployer/deployer.go:280.71,282.16 2 0
github.com/DevopsArtFactory/goployer/pkg/deployer/deployer.go:282.16,284.3 1 0
github.com/DevopsArtFactory/goployer/pkg/deployer/deployer.go:286.2,286.28 1 0
github.com/DevopsArtFactory/goployer/pkg/deployer/deployer.go:286.28,289.3 2 0
github.com/DevopsArtFactory/goployer/pkg/deployer/deployer.go:291.2,292.16 2 0
github.com/DevopsArtFactory/goployer/pkg/deployer/deployer.go:292.16,294.3 1 0
github.com/DevopsArtFactory/goployer/pkg/deployer/deployer.go:296.2,298.16 3 0
github.com/DevopsArtFactory/goployer/pkg/deployer/deployer.go:298.16,300.3 1 0
github.com/DevopsArtFactory/goployer/pkg/deployer/deployer.go:302.2,303.70 2 0
github.com/DevopsArtFactory/goployer/pkg/deployer/deployer.go:303.70,305.3 1 0
github.com/DevopsArtFactory/goployer/pkg/deployer/deployer.go:306.2,308.12 2 0
github.com/DevopsArtFactory/goployer/pkg/deployer/deployer.go:312.79,315.35 3 1
github.com/DevopsArtFactory/goployer/pkg/deployer/deployer.go:315.35,317.17 2 1
github.com/DevopsArtFactory/goployer/pkg/deployer/deployer.go:317.17,319.4 1 1
github.com/DevopsArtFactory/goployer/pkg/deployer/deployer.go:322.2,322.19 1 1
github.com/DevopsArtFactory/goployer/pkg/deployer/deployer.go:322.19,324.3 1 1
github.com/DevopsArtFactory/goployer/pkg/deployer/deployer.go:326.2,326.19 1 1
github.com/DevopsArtFactory/goployer/pkg/deployer/deployer.go:330.96,339.36 3 0
github.com/DevopsArtFactory/goployer/pkg/deployer/deployer.go:339.36,345.24 2 0
github.com/DevopsArtFactory/goployer/pkg/deployer/deployer.go:345.24,347.18 2 0
github.com/DevopsArtFactory/goployer/pkg/deployer/deployer.go:347.18,349.5 1 0
github.com/DevopsArtFactory/goployer/pkg/deployer/deployer.go:351.4,351.18 1 0
github.com/DevopsArtFactory/goployer/pkg/deployer/deployer.go:354.3,354.26 1 0
github.com/DevopsArtFactory/goployer/pkg/deployer/deployer.go:354.26,356.18 2 0
github.com/DevopsArtFactory/goployer/pkg/deployer/deployer.go:356.18,358.5 1 0
github.com/DevopsArtFactory/goployer/pkg/deployer/deployer.go:360.4,360.20 1 0
github.com/DevopsArtFactory/goployer/pkg/deployer/deployer.go:361.9,363.4 1 0
github.com/DevopsArtFactory/goployer/pkg/deployer/deployer.go:365.3,365.35 1 0
github.com/DevopsArtFactory/goployer/pkg/deployer/deployer.go:367.2,369.23 2 0
github.com/DevopsArtFactory/goployer/pkg/deployer/deployer.go:373.60,376.32 3 0
github.com/DevopsArtFactory/goployer/pkg/deployer/deployer.go:376.32,378.30 2 0
github.com/DevopsArtFactory/goployer/pkg/deployer/deployer.go:378.30,382.73 4 0
github.com/DevopsArtFactory/goployer/pkg/deployer/deployer.go:382.73,384.5 1 0
github.com/DevopsArtFactory/goployer/pkg/deployer/deployer.go:385.4,391.6 2 0
github.com/DevopsArtFactory/goployer/pkg/deployer/deployer.go:395.2,397.20 2 0
github.com/DevopsArtFactory/goployer/pkg/deployer/deployer.go:401.76,421.16 7 0
github.com/DevopsArtFactory/goployer/pkg/deployer/deployer.go:421.16,423.3 1 0
github.com/DevopsArtFactory/goployer/pkg/deployer/deployer.go:425.2,428.17 3 0
github.com/DevopsArtFactory/goployer/pkg/deployer/deployer.go:432.46,443.2 9 1
github.com/DevopsArtFactory/goployer/pkg/deployer/deployer.go:446.42,448.2 1 1
github.com/DevopsArtFactory/goployer/pkg/deployer/deployer.go:451.37,454.2 2 1
github.com/DevopsArtFactory/goployer/pkg/deployer/deployer.go:457.63,460.41 2 0
github.com/DevopsArtFactory/goployer/pkg/deployer/deployer.go:460.41,461.60 1 0
github.com/DevopsArtFactory/goployer/pkg/deployer/deployer.go:461.60,463.12 2 0
github.com/DevopsArtFactory/goployer/pkg/deployer/deployer.go:466.3,477.17 8 0
github.com/DevopsArtFactory/goployer/pkg/deployer/deployer.go:477.17,479.4 1 0
github.com/DevopsArtFactory/goployer/pkg/deployer/deployer.go:482.3,483.17 2 0
github.com/DevopsArtFactory/goployer/pkg/deployer/deployer.go:483.17,485.4 1 0
github.com/DevopsArtFactory/goployer/pkg/deployer/deployer.go:486.3,491.38 4 0
github.com/DevopsArtFactory/goployer/pkg/deployer/deployer.go:491.38,493.48 2 0
github.com/DevopsArtFactory/goployer/pkg/deployer/deployer.go:493.48,495.5 1 0
github.com/DevopsArtFactory/goployer/pkg/deployer/deployer.go:497.4,502.38 5 0
github.com/DevopsArtFactory/goployer/pkg/deployer/deployer.go:502.38,503.47 1 0
github.com/DevopsArtFactory/goployer/pkg/deployer/deployer.go:503.47,504.41 1 0
github.com/DevopsArtFactory/goployer/pkg/deployer/deployer.go:505.38,507.35 2 0
github.com/DevopsArtFactory/goployer/pkg/deployer/deployer.go:508.45,510.87 1 0
github.com/DevopsArtFactory/goployer/pkg/deployer/deployer.go:512.6,512.11 1 0
github.com/DevopsArtFactory/goployer/pkg/deployer/deployer.go:516.4,516.94 1 0
github.com/DevopsArtFactory/goployer/pkg/deployer/deployer.go:516.94,518.5 1 0
github.com/DevopsArtFactory/goployer/pkg/deployer/deployer.go:520.4,520.80 1 0
github.com/DevopsArtFactory/goployer/pkg/deployer/deployer.go:520.80,522.5 1 0
github.com/DevopsArtFactory/goployer/pkg/deployer/deployer.go:525.3,525.63 1 0
github.com/DevopsArtFactory/goployer/pkg/deployer/deployer.go:525.63,527.4 1 0
github.com/DevopsArtFactory/goployer/pkg/deployer/deployer.go:529.3,529.24 1 0
github.com/DevopsArtFactory/goployer/pkg/deployer/deployer.go:529.24,531.4 1 0
github.com/DevopsArtFactory/goployer/pkg/deployer/deployer.go:533.3,538.23 6 0
github.com/DevopsArtFactory/goployer/pkg/deployer/deployer.go:538.23,541.4 2 0
github.com/DevopsArtFactory/goployer/pkg/deployer/deployer.go:544.2,545.12 2 0
github.com/DevopsArtFactory/goployer/pkg/deployer/deployer.go:549.85,558.16 5 0
github.com/DevopsArtFactory/goployer/pkg/deployer/deployer.go:558.16,560.3 1 0
github.com/DevopsArtFactory/goployer/pkg/deployer/deployer.go:563.2,571.25 5 0
github.com/DevopsArtFactory/goployer/pkg/deployer/deployer.go:571.25,573.3 1 0
github.com/DevopsArtFactory/goployer/pkg/deployer/deployer.go:573.8,575.3 1 0
github.com/DevopsArtFactory/goployer/pkg/deployer/deployer.go:578.2,585.16 6 0
github.com/DevopsArtFactory/goployer/pkg/deployer/deployer.go:585.16,587.3 1 0
github.com/DevopsArtFactory/goployer/pkg/deployer/deployer.go:590.2,591.16 2 0
github.com/DevopsArtFactory/goployer/pkg/deployer/deployer.go:591.16,593.3 1 0
github.com/DevopsArtFactory/goployer/pkg/deployer/deployer.go:594.2,594.43 1 0
github.com/DevopsArtFactory/goployer/pkg/deployer/deployer.go:594.43,597.3 2 0
github.com/DevopsArtFactory/goployer/pkg/deployer/deployer.go:598.2,608.42 6 0
github.com/DevopsArtFactory/goployer/pkg/deployer/deployer.go:608.42,610.43 2 0
github.com/DevopsArtFactory/goployer/pkg/deployer/deployer.go:610.43,612.4 1 0
github.com/DevopsArtFactory/goployer/pkg/deployer/deployer.go:613.3,613.86 1 0
github.com/DevopsArtFactory/goployer/pkg/deployer/deployer.go:618.2,618.92 1 0
github.com/DevopsArtFactory/goployer/pkg/deployer/deployer.go:618.92,620.3 1 0
github.com/DevopsArtFactory/goployer/pkg/deployer/deployer.go:621.2,641.16 3 0
github.com/DevopsArtFactory/goployer/pkg/deployer/deployer.go:641.16,643.3 1 0
github.com/DevopsArtFactory/goployer/pkg/deployer/deployer.go:645.2,647.72 3 0
github.com/DevopsArtFactory/goployer/pkg/deployer/deployer.go:647.72,649.3 1 0
github.com/DevopsArtFactory/goployer/pkg/deployer/deployer.go:651.2,658.16 6 0
github.com/DevopsArtFactory/goployer/pkg/deployer/deployer.go:658.16,660.3 1 0
github.com/DevopsArtFactory/goployer/pkg/deployer/deployer.go:662.2,663.32 2 0
github.com/DevopsArtFactory/goployer/pkg/deployer/deployer.go:663.32,665.3 1 0
github.com/DevopsArtFactory/goployer/pkg/deployer/deployer.go:666.2,666.23 1 0
github.com/DevopsArtFactory/goployer/pkg/deployer/deployer.go:666.23,669.17 3 0
github.com/DevopsArtFactory/goployer/pkg/deployer/deployer.go:669.17,671.4 1 0
github.com/DevopsArtFactory/goployer/pkg/deployer/deployer.go:672.8,675.3 2 0
github.com/DevopsArtFactory/goployer/pkg/deployer/deployer.go:677.2,678.16 2 0
github.com/DevopsArtFactory/goployer/pkg/deployer/deployer.go:678.16,680.3 1 0
github.com/DevopsArtFactory/goployer/pkg/deployer/deployer.go:682.2,682.28 1 0
github.com/DevopsArtFactory/goployer/pkg/deployer/deployer.go:682.28,684.3 1 0
github.com/DevopsArtFactory/goployer/pkg/deployer/deployer.go:686.2,687.16 2 0
github.com/DevopsArtFactory/goployer/pkg/deployer/deployer.go:687.16,689.3 1 0
github.com/DevopsArtFactory/goployer/pkg/deployer/deployer.go:691.2,693.35 2 0
github.com/DevopsArtFactory/goployer/pkg/deployer/deployer.go:693.35,695.3 1 0
github.com/DevopsArtFactory/goployer/pkg/deployer/deployer.go:697.2,697.41 1 0
github.com/DevopsArtFactory/goployer/pkg/deployer/deployer.go:697.41,699.3 1 0
github.com/DevopsArtFactory/goployer/pkg/deployer/deployer.go:701.2,701.42 1 0
github.com/DevopsArtFactory/goployer/pkg/deployer/deployer.go:701.42,702.39 1 0
github.com/DevopsArtFactory/goployer/pkg/deployer/deployer.go:702.39,706.52 4 0
github.com/DevopsArtFactory/goployer/pkg/deployer/deployer.go:706.52,708.24 2 0
github.com/DevopsArtFactory/goployer/pkg/deployer/deployer.go:708.24,710.6 1 0
github.com/DevopsArtFactory/goployer/pkg/deployer/deployer.go:710.11,712.6 1 0
github.com/DevopsArtFactory/goployer/pkg/deployer/deployer.go:713.10,715.5 1 0
github.com/DevopsArtFactory/goployer/pkg/deployer/deployer.go:719.2,735.16 2 0
github.com/DevopsArtFactory/goployer/pkg/deployer/deployer.go:735.16,737.3 1 0
github.com/DevopsArtFactory/goployer/pkg/deployer/deployer.go:739.2,739.38 1 0
github.com/DevopsArtFactory/goployer/pkg/deployer/deployer.go:739.38,741.35 2 0
github.com/DevopsArtFactory/goployer/pkg/deployer/deployer.go:741.35,743.4 1 0
github.com/DevopsArtFactory/goployer/pkg/deployer/deployer.go:745.3,745.41 1 0
github.com/DevopsArtFactory/goployer/pkg/deployer/deployer.go:745.41,747.4 1 0
github.com/DevopsArtFactory/goployer/pkg/deployer/deployer.go:749.3,749.24 1 0
github.com/DevopsArtFactory/goployer/pkg/deployer/deployer.go:749.24,751.4 1 0
github.com/DevopsArtFactory/goployer/pkg/deployer/deployer.go:753.3,753.118 1 0
github.com/DevopsArtFactory/goployer/pkg/deployer/deployer.go:753.118,755.4 1 0
github.com/DevopsArtFactory/goployer/pkg/deployer/deployer.go:758.2,761.12 3 0
github.com/DevopsArtFactory/goployer/pkg/deployer/deployer.go:765.172,766.74 1 1
github.com/DevopsArtFactory/goployer/pkg/deployer/deployer.go:766.74,768.50 2 0
github.com/DevopsArtFactory/goployer/pkg/deployer/deployer.go:768.50,770.4 1 0
github.com/DevopsArtFactory/goployer/pkg/deployer/deployer.go:772.3,776.9 1 0
github.com/DevopsArtFactory/goployer/pkg/deployer/deployer.go:779.2,781.29 2 1
github.com/DevopsArtFactory/goployer/pkg/deployer/deployer.go:786.107,787.94 1 1
github.com/DevopsArtFactory/goployer/pkg/deployer/deployer.go:787.94,789.3 1 1
github.com/DevopsArtFactory/goployer/pkg/deployer/deployer.go:790.2,790.25 1 1
github.com/DevopsArtFactory/goployer/pkg/deployer/deployer.go:794.105,799.39 3 0
github.com/DevopsArtFactory/goployer/pkg/deployer/deployer.go:799.39,800.33 1 0
github.com/DevopsArtFactory/goployer/pkg/deployer/deployer.go:800.33,804.4 3 0
github.com/DevopsArtFactory/goployer/pkg/deployer/deployer.go:808.2,814.32 2 0
github.com/DevopsArtFactory/goployer/pkg/deployer/deployer.go:814.32,817.42 3 0
github.com/DevopsArtFactory/goployer/pkg/deployer/deployer.go:817.42,820.4 2 0
github.com/DevopsArtFactory/goployer/pkg/deployer/deployer.go:824.2,824.60 1 0
github.com/DevopsArtFactory/goployer/pkg/deployer/deployer.go:824.60,826.24 2 0
github.com/DevopsArtFactory/goployer/pkg/deployer/deployer.go:826.24,827.51 1 0
github.com/DevopsArtFactory/goployer/pkg/deployer/deployer.go:827.51,829.5 1 0
github.com/DevopsArtFactory/goployer/pkg/deployer/deployer.go:833.2,833.12 1 0
github.com/DevopsArtFactory/goployer/pkg/deployer/deployer.go:837.119,840.41 3 0
github.com/DevopsArtFactory/goployer/pkg/deployer/deployer.go:840.41,850.3 5 0
github.com/DevopsArtFactory/goployer/pkg/deployer/deployer.go:853.2,872.34 4 0
github.com/DevopsArtFactory/goployer/pkg/deployer/deployer.go:872.34,877.3 1 0
github.com/DevopsArtFactory/goployer/pkg/deployer/deployer.go:879.2,879.33 1 0
github.com/DevopsArtFactory/goployer/pkg/deployer/deployer.go:879.33,884.40 4 0
github.com/DevopsArtFactory/goployer/pkg/deployer/deployer.go:884.40,889.4 1 0
github.com/DevopsArtFactory/goployer/pkg/deployer/deployer.go:889.9,890.26 1 0
github.com/DevopsArtFactory/goployer/pkg/deployer/deployer.go:890.26,891.20 1 0
github.com/DevopsArtFactory/goployer/pkg/deployer/deployer.go:891.20,893.11 2 0
github.com/DevopsArtFactory/goployer/pkg/deployer/deployer.go:900.2,900.24 1 0
github.com/DevopsArtFactory/goployer/pkg/deployer/deployer.go:900.24,901.39 1 0
github.com/DevopsArtFactory/goployer/pkg/deployer/deployer.go:901.39,903.25 2 0
github.com/DevopsArtFactory/goployer/pkg/deployer/deployer.go:903.25,904.53 1 0
github.com/DevopsArtFactory/goployer/pkg/deployer/deployer.go:904.53,906.14 2 0
github.com/DevopsArtFactory/goployer/pkg/deployer/deployer.go:909.5,913.7 2 0
github.com/DevopsArtFactory/goployer/pkg/deployer/deployer.go:919.2,919.31 1 0
github.com/DevopsArtFactory/goployer/pkg/deployer/deployer.go:919.31,924.3 1 0
github.com/DevopsArtFactory/goployer/pkg/deployer/deployer.go:927.2,927.42 1 0
github.com/DevopsArtFactory/goployer/pkg/deployer/deployer.go:927.42,932.3 1 0
github.com/DevopsArtFactory/goployer/pkg/deployer/deployer.go:934.2,934.12 1 0
github.com/DevopsArtFactory/goployer/pkg/deployer/deployer.go:938.78,942.97 3 0
github.com/DevopsArtFactory/goployer/pkg/deployer/deployer.go:942.97,944.3 1 0
github.com/DevopsArtFactory/goployer/pkg/deployer/deployer.go:946.2,946.21 1 0
github.com/DevopsArtFactory/goployer/pkg/deployer/deployer.go:950.103,952.16 2 0
github.com/DevopsArtFactory/goployer/pkg/deployer/deployer.go:952.16,954.3 1 0
github.com/DevopsArtFactory/goployer/pkg/deployer/deployer.go:956.2,957.16 2 0
github.com/DevopsArtFactory/goployer/pkg/deployer/deployer.go:957.16,959.3 1 0
github.com/DevopsArtFactory/goployer/pkg/deployer/deployer.go:961.2,961.19 1 0
github.com/DevopsArtFactory/goployer/pkg/deployer/deployer.go:961.19,963.3 1 0
github.com/DevopsArtFactory/goployer/pkg/deployer/deployer.go:964.2,966.20 2 0
github.com/DevopsArtFactory/goployer/pkg/deployer/deployer.go:970.72,975.54 4 0
github.com/DevopsArtFactory/goployer/pkg/deployer/deployer.go:975.54,977.3 1 0
github.com/DevopsArtFactory/goployer/pkg/deployer/deployer.go:978.2,982.25 3 0
github.com/DevopsArtFactory/goployer/pkg/deployer/deployer.go:982.25,984.3 1 0
github.com/DevopsArtFactory/goployer/pkg/deployer/deployer.go:986.2,986.28 1 0
github.com/DevopsArtFactory/goployer/pkg/deployer/deployer.go:986.28,987.56 1 0
github.com/DevopsArtFactory/goployer/pkg/deployer/deployer.go:987.56,989.4 1 0
github.com/DevopsArtFactory/goployer/pkg/deployer/deployer.go:992.2,992.41 1 0
github.com/DevopsArtFactory/goployer/pkg/deployer/deployer.go:992.41,995.60 1 0
github.com/DevopsArtFactory/goployer/pkg/deployer/deployer.go:995.60,997.12 2 0
github.com/DevopsArtFactory/goployer/pkg/deployer/deployer.go:999.3,1003.17 3 0
github.com/DevopsArtFactory/goployer/pkg/deployer/deployer.go:1003.17,1005.4 1 0
github.com/DevopsArtFactory/goployer/pkg/deployer/deployer.go:1007.3,1008.45 2 0
github.com/DevopsArtFactory/goployer/pkg/deployer/deployer.go:1008.45,1010.4 1 0
github.com/DevopsArtFactory/goployer/pkg/deployer/deployer.go:1010.9,1012.4 1 0
github.com/DevopsArtFactory/goployer/pkg/deployer/deployer.go:1013.3,1016.17 3 0
github.com/DevopsArtFactory/goployer/pkg/deployer/deployer.go:1016.17,1018.4 1 0
github.com/DevopsArtFactory/goployer/pkg/deployer/deployer.go:1019.3,1022.17 3 0
github.com/DevopsArtFactory/goployer/pkg/deployer/deployer.go:1022.17,1024.4 1 0
github.com/DevopsArtFactory/goployer/pkg/deployer/deployer.go:1026.3,1026.16 1 0
github.com/DevopsArtFactory/goployer/pkg/deployer/deployer.go:1026.16,1028.40 2 0
github.com/DevopsArtFactory/goployer/pkg/deployer/deployer.go:1028.40,1029.96 1 0
github.com/DevopsArtFactory/goployer/pkg/deployer/deployer.go:1029.96,1031.6 1 0
github.com/DevopsArtFactory/goployer/pkg/deployer/deployer.go:1033.4,1033.46 1 0
github.com/DevopsArtFactory/goployer/pkg/deployer/deployer.go:1034.9,1036.4 1 0
github.com/DevopsArtFactory/goployer/pkg/deployer/deployer.go:1039.2,1039.33 1 0
github.com/DevopsArtFactory/goployer/pkg/deployer/deployer.go:1039.33,1041.3 1 0
github.com/DevopsArtFactory/goployer/pkg/deployer/deployer.go:1043.2,1043.19 1 0
github.com/DevopsArtFactory/goployer/pkg/deployer/deployer.go:1047.72,1049.41 1 0
github.com/DevopsArtFactory/goployer/pkg/deployer/deployer.go:1049.41,1051.60 1 0
github.com/DevopsArtFactory/goployer/pkg/deployer/deployer.go:1051.60,1053.12 2 0
github.com/DevopsArtFactory/goployer/pkg/deployer/deployer.go:1056.3,1060.17 3 0
github.com/DevopsArtFactory/goployer/pkg/deployer/deployer.go:1060.17,1062.4 1 0
github.com/DevopsArtFactory/goployer/pkg/deployer/deployer.go:1064.3,1064.36 1 0
github.com/DevopsArtFactory/goployer/pkg/deployer/deployer.go:1064.36,1066.4 1 0
github.com/DevopsArtFactory/goployer/pkg/deployer/deployer.go:1066.9,1069.47 2 0
github.com/DevopsArtFactory/goployer/pkg/deployer/deployer.go:1069.47,1071.19 2 0
github.com/DevopsArtFactory/goployer/pkg/deployer/deployer.go:1071.19,1073.6 1 0
github.com/DevopsArtFactory/goployer/pkg/deployer/deployer.go:1074.5,1075.41 2 0
github.com/DevopsArtFactory/goployer/pkg/deployer/deployer.go:1078.4,1078.85 1 0
github.com/DevopsArtFactory/goployer/pkg/deployer/deployer.go:1078.85,1080.5 1 0
github.com/DevopsArtFactory/goployer/pkg/deployer/deployer.go:1082.4,1082.126 1 0
github.com/DevopsArtFactory/goployer/pkg/deployer/deployer.go:1082.126,1084.5 1 0
github.com/DevopsArtFactory/goployer/pkg/deployer/deployer.go:1087.3,1087.39 1 0
github.com/DevopsArtFactory/goployer/pkg/deployer/deployer.go:1087.39,1090.52 3 0
github.com/DevopsArtFactory/goployer/pkg/deployer/deployer.go:1090.52,1091.63 1 0
github.com/DevopsArtFactory/goployer/pkg/deployer/deployer.go:1091.63,1093.6 1 0
github.com/DevopsArtFactory/goployer/pkg/deployer/deployer.go:1096.4,1097.111 2 0
github.com/DevopsArtFactory/goployer/pkg/deployer/deployer.go:1097.111,1099.5 1 0
github.com/DevopsArtFactory/goployer/pkg/deployer/deployer.go:1100.4,1100.56 1 0
github.com/DevopsArtFactory/goployer/pkg/deployer/deployer.go:1104.2,1104.12 1 0
github.com/DevopsArtFactory/goployer/pkg/deployer/deployer.go:1108.75,1110.185 2 0
github.com/DevopsArtFactory/goployer/pkg/deployer/deployer.go:1110.185,1113.3 2 0
github.com/DevopsArtFactory/goployer/pkg/deployer/deployer.go:1115.2,1115.28 1 0
github.com/DevopsArtFactory/goployer/pkg/deployer/deployer.go:1115.28,1116.56 1 0
github.com/DevopsArtFactory/goployer/pkg/deployer/deployer.go:1116.56,1119.4 2 0
github.com/DevopsArtFactory/goployer/pkg/deployer/deployer.go:1122.2,1122.14 1 0
github.com/DevopsArtFactory/goployer/pkg/deployer/deployer.go:1122.14,1123.42 1 0
github.com/DevopsArtFactory/goployer/pkg/deployer/deployer.go:1123.42,1124.61 1 0
github.com/DevopsArtFactory/goployer/pkg/deployer/deployer.go:1124.61,1126.13 2 0
github.com/DevopsArtFactory/goployer/pkg/deployer/deployer.go:1130.4,1131.18 2 0
github.com/DevopsArtFactory/goployer/pkg/deployer/deployer.go:1131.18,1133.5 1 0
github.com/DevopsArtFactory/goployer/pkg/deployer/deployer.go:1135.4,1135.47 1 0
github.com/DevopsArtFactory/goployer/pkg/deployer/deployer.go:1135.47,1138.5 2 0
github.com/DevopsArtFactory/goployer/pkg/deployer/deployer.go:1138.10,1141.5 2 0
github.com/DevopsArtFactory/goployer/pkg/deployer/deployer.go:1144.2,1145.12 2 0
github.com/DevopsArtFactory/goployer/pkg/deployer/deployer.go:1149.79,1150.41 1 0
github.com/DevopsArtFactory/goployer/pkg/deployer/deployer.go:1150.41,1151.79 1 0
github.com/DevopsArtFactory/goployer/pkg/deployer/deployer.go:1151.79,1153.12 2 0
github.com/DevopsArtFactory/goployer/pkg/deployer/deployer.go:1157.3,1157.90 1 0
github.com/DevopsArtFactory/goployer/pkg/deployer/deployer.go:1157.90,1160.12 3 0
github.com/DevopsArtFactory/goployer/pkg/deployer/deployer.go:1163.3,1167.17 3 0
github.com/DevopsArtFactory/goployer/pkg/deployer/deployer.go:1167.17,1169.4 1 0
github.com/DevopsArtFactory/goployer/pkg/deployer/deployer.go:1172.3,1172.41 1 0
github.com/DevopsArtFactory/goployer/pkg/deployer/deployer.go:1172.41,1173.50 1 0
github.com/DevopsArtFactory/goployer/pkg/deployer/deployer.go:1173.50,1175.125 1 0
github.com/DevopsArtFactory/goployer/pkg/deployer/deployer.go:1175.125,1176.14 1 0
github.com/DevopsArtFactory/goployer/pkg/deployer/deployer.go:1179.5,1180.112 2 0
github.com/DevopsArtFactory/goployer/pkg/deployer/deployer.go:1180.112,1184.22 4 0
github.com/DevopsArtFactory/goployer/pkg/deployer/deployer.go:1184.22,1187.80 3 0
github.com/DevopsArtFactory/goployer/pkg/deployer/deployer.go:1187.80,1189.8 1 0
github.com/DevopsArtFactory/goployer/pkg/deployer/deployer.go:1191.7,1192.17 2 0
github.com/DevopsArtFactory/goployer/pkg/deployer/deployer.go:1192.17,1194.22 2 0
github.com/DevopsArtFactory/goployer/pkg/deployer/deployer.go:1194.22,1197.9 2 0
github.com/DevopsArtFactory/goployer/pkg/deployer/deployer.go:1199.8,1199.17 1 0
github.com/DevopsArtFactory/goployer/pkg/deployer/deployer.go:1199.17,1201.9 1 0
github.com/DevopsArtFactory/goployer/pkg/deployer/deployer.go:1204.7,1204.21 1 0
github.com/DevopsArtFactory/goployer/pkg/deployer/deployer.go:1206.11,1208.79 2 0
github.com/DevopsArtFactory/goployer/pkg/deployer/deployer.go:1208.79,1210.7 1 0
github.com/DevopsArtFactory/goployer/pkg/deployer/deployer.go:1213.9,1216.4 2 0
github.com/DevopsArtFactory/goployer/pkg/deployer/deployer.go:1219.2,1219.12 1 0
github.com/DevopsArtFactory/goployer/pkg/deployer/deployer.go:1223.107,1226.33 2 0
github.com/DevopsArtFactory/goployer/pkg/deployer/deployer.go:1226.33,1228.42 1 0
github.com/DevopsArtFactory/goployer/pkg/deployer/deployer.go:1228.42,1232.18 3 0
github.com/DevopsArtFactory/goployer/pkg/deployer/deployer.go:1232.18,1234.5 1 0
github.com/DevopsArtFactory/goployer/pkg/deployer/deployer.go:1236.4,1236.81 1 0
github.com/DevopsArtFactory/goployer/pkg/deployer/deployer.go:1236.81,1239.19 3 0
github.com/DevopsArtFactory/goployer/pkg/deployer/deployer.go:1239.19,1241.6 1 0
github.com/DevopsArtFactory/goployer/pkg/deployer/deployer.go:1242.5,1242.82 1 0
github.com/DevopsArtFactory/goployer/pkg/deployer/deployer.go:1242.82,1244.6 1 0
github.com/DevopsArtFactory/goployer/pkg/deployer/deployer.go:1249.2,1249.20 1 0
github.com/DevopsArtFactory/goployer/pkg/deployer/deployer.go:1253.71,1257.55 3 0
github.com/DevopsArtFactory/goployer/pkg/deployer/deployer.go:1257.55,1259.3 1 0
github.com/DevopsArtFactory/goployer/pkg/deployer/deployer.go:1260.2,1264.29 3 0
github.com/DevopsArtFactory/goployer/pkg/deployer/deployer.go:1264.29,1266.3 1 0
github.com/DevopsArtFactory/goployer/pkg/deployer/deployer.go:1266.8,1266.62 1 0
github.com/DevopsArtFactory/goployer/pkg/deployer/deployer.go:1266.62,1268.3 1 0
github.com/DevopsArtFactory/goployer/pkg/deployer/deployer.go:1270.2,1270.41 1 0
github.com/DevopsArtFactory/goployer/pkg/deployer/deployer.go:1270.41,1271.63 1 0
github.com/DevopsArtFactory/goployer/pkg/deployer/deployer.go:1271.63,1273.12 2 0
github.com/DevopsArtFactory/goployer/pkg/deployer/deployer.go:1275.3,1279.17 3 0
github.com/DevopsArtFactory/goployer/pkg/deployer/deployer.go:1279.17,1281.4 1 0
github.com/DevopsArtFactory/goployer/pkg/deployer/deployer.go:1283.3,1284.24 2 0
github.com/DevopsArtFactory/goployer/pkg/deployer/deployer.go:1284.24,1287.12 3 0
github.com/DevopsArtFactory/goployer/pkg/deployer/deployer.go:1290.3,1291.34 2 0
github.com/DevopsArtFactory/goployer/pkg/deployer/deployer.go:1291.34,1293.10 2 0
github.com/DevopsArtFactory/goployer/pkg/deployer/deployer.go:1293.10,1296.5 2 0
github.com/DevopsArtFactory/goployer/pkg/deployer/deployer.go:1299.3,1299.30 1 0
github.com/DevopsArtFactory/goployer/pkg/deployer/deployer.go:1299.30,1301.4 1 0
github.com/DevopsArtFactory/goployer/pkg/deployer/deployer.go:1304.2,1304.33 1 0
github.com/DevopsArtFactory/goployer/pkg/deployer/deployer.go:1304.33,1306.3 1 0
github.com/DevopsArtFactory/goployer/pkg/deployer/deployer.go:1308.2,1308.19 1 0
github.com/DevopsArtFactory/goployer/pkg/deployer/deployer.go:1312.95,1313.62 1 0
github.com/DevopsArtFactory/goployer/pkg/deployer/deployer.go:1313.62,1316.3 2 0
github.com/DevopsArtFactory/goployer/pkg/deployer/deployer.go:1318.2,1318.21 1 0
github.com/DevopsArtFactory/goployer/pkg/deployer/deployer.go:1318.21,1320.77 2 0
github.com/DevopsArtFactory/goployer/pkg/deployer/deployer.go:1320.77,1323.4 2 0
github.com/DevopsArtFactory/goployer/pkg/deployer/deployer.go:1324.3,1324.61 1 0
github.com/DevopsArtFactory/goployer/pkg/deployer/deployer.go:1327.2,1328.72 2 0
github.com/DevopsArtFactory/goployer/pkg/deployer/deployer.go:1328.72,1331.3 2 0
github.com/DevopsArtFactory/goployer/pkg/deployer/deployer.go:1332.2,1334.13 2 0
github.com/DevopsArtFactory/goployer/pkg/deployer/deployer.go:1338.71,1339.41 1 0
github.com/DevopsArtFactory/goployer/pkg/deployer/deployer.go:1339.41,1340.60 1 0
github.com/DevopsArtFactory/goployer/pkg/deployer/deployer.go:1340.60,1342.12 2 0
github.com/DevopsArtFactory/goployer/pkg/deployer/deployer.go:1345.3,1349.17 3 0
github.com/DevopsArtFactory/goployer/pkg/deployer/deployer.go:1349.17,1351.4 1 0
github.com/DevopsArtFactory/goployer/pkg/deployer/deployer.go:1353.3,1353.41 1 0
github.com/DevopsArtFactory/goployer/pkg/deployer/deployer.go:1353.41,1355.50 2 0
github.com/DevopsArtFactory/goployer/pkg/deployer/deployer.go:1355.50,1358.19 3 0
github.com/DevopsArtFactory/goployer/pkg/deployer/deployer.go:1358.19,1360.6 1 0
github.com/DevopsArtFactory/goployer/pkg/deployer/deployer.go:1361.5,1361.81 1 0
github.com/DevopsArtFactory/goployer/pkg/deployer/deployer.go:1364.4,1364.26 1 0
github.com/DevopsArtFactory/goployer/pkg/deployer/deployer.go:1364.26,1365.33 1 0
github.com/DevopsArtFactory/goployer/pkg/deployer/deployer.go:1365.33,1367.6 1 0
github.com/DevopsArtFactory/goployer/pkg/deployer/deployer.go:1368.5,1368.61 1 0
github.com/DevopsArtFactory/goployer/pkg/deployer/deployer.go:1370.9,1372.4 1 0
github.com/DevopsArtFactory/goployer/pkg/deployer/deployer.go:1375.2,1375.12 1 0
github.com/DevopsArtFactory/goployer/pkg/deployer/deployer.go:1379.60,1380.48 1 0
github.com/DevopsArtFactory/goployer/pkg/deployer/deployer.go:1380.48,1382.3 1 0
github.com/DevopsArtFactory/goployer/pkg/deployer/deployer.go:1384.2,1384.29 1 0
github.com/DevopsArtFactory/goployer/pkg/deployer/deployer.go:1384.29,1387.3 2 0
github.com/DevopsArtFactory/goployer/pkg/deployer/deployer.go:1389.2,1391.16 3 0
github.com/DevopsArtFactory/goployer/pkg/deployer/deployer.go:1391.16,1393.3 1 0
github.com/DevopsArtFactory/goployer/pkg/deployer/deployer.go:1395.2,1397.16 3 0
github.com/DevopsArtFactory/goployer/pkg/deployer/deployer.go:1397.16,1399.3 1 0
github.com/DevopsArtFactory/goployer/pkg/deployer/deployer.go:1401.2,1403.16 3 0
github.com/DevopsArtFactory/goployer/pkg/deployer/deployer.go:1403.16,1405.3 1 0
github.com/DevopsArtFactory/goployer/pkg/deployer/deployer.go:1407.2,1407.65 1 0
github.com/DevopsArtFactory/goployer/pkg/deployer/deployer.go:1407.65,1409.3 1 0
github.com/DevopsArtFactory/goployer/pkg/deployer/deployer.go:1410.2,1413.12 3 0
github.com/DevopsArtFactory/goployer/pkg/deployer/deployer.go:1417.93,1419.16 2 0
github.com/DevopsArtFactory/goployer/pkg/deployer/deployer.go:1419.16,1421.3 1 0
github.com/DevopsArtFactory/goployer/pkg/deployer/deployer.go:1423.2,1424.16 2 0
github.com/DevopsArtFactory/goployer/pkg/deployer/deployer.go:1424.16,1426.3 1 0
github.com/DevopsArtFactory/goployer/pkg/deployer/deployer.go:1428.2,1428.17 1 0
github.com/DevopsArtFactory/goployer/pkg/deployer/deployer.go:1432.115,1434.16 2 0
github.com/DevopsArtFactory/goployer/pkg/deployer/deployer.go:1434.16,1436.3 1 0
github.com/DevopsArtFactory/goployer/pkg/deployer/deployer.go:1438.2,1439.16 2 0
github.com/DevopsArtFactory/goployer/pkg/deployer/deployer.go:1439.16,1441.3 1 0
github.com/DevopsArtFactory/goployer/pkg/deployer/deployer.go:1443.2,1443.17 1 0
github.com/DevopsArtFactory/goployer/pkg/deployer/deployer.go:1447.48,1448.28 1 0
github.com/DevopsArtFactory/goployer/pkg/deployer/deployer.go:1448.28,1450.3 1 0
github.com/DevopsArtFactory/goployer/pkg/deployer/deployer.go:1451.2,1451.55 1 0
github.com/DevopsArtFactory/goployer/pkg/deployer/deployer.go:1456.70,1458.2 1 0
github.com/DevopsArtFactory/goployer/pkg/deployer/deployer.go:1461.98,1463.16 2 0
github.com/DevopsArtFactory/goployer/pkg/deployer/deployer.go:1463.16,1465.3 1 0
github.com/DevopsArtFactory/goployer/pkg/deployer/deployer.go:1467.2,1471.6 4 0
github.com/DevopsArtFactory/goployer/pkg/deployer/deployer.go:1471.6,1473.17 2 0
github.com/DevopsArtFactory/goployer/pkg/deployer/deployer.go:1473.17,1474.17 1 0
github.com/DevopsArtFactory/goployer/pkg/deployer/deployer.go:1474.17,1477.5 2 0
github.com/DevopsArtFactory/goployer/pkg/deployer/deployer.go:1477.10,1479.5 1 0
github.com/DevopsArtFactory/goployer/pkg/deployer/deployer.go:1482.3,1482.17 1 0
github.com/DevopsArtFactory/goployer/pkg/deployer/deployer.go:1482.17,1483.9 1 0
github.com/DevopsArtFactory/goployer/pkg/deployer/deployer.go:1487.2,1487.12 1 0
github.com/DevopsArtFactory/goployer/pkg/deployer/deployer.go:1491.85,1493.2 1 0
github.com/DevopsArtFactory/goployer/pkg/deployer/deployer.go:1496.71,1497.13 1 0
github.com/DevopsArtFactory/goployer/pkg/deployer/deployer.go:1497.13,1499.3 1 0
github.com/DevopsArtFactory/goployer/pkg/deployer/deployer.go:1501.2,1501.13 1 0
github.com/DevopsArtFactory/goployer/pkg/deployer/deployer.go:1501.13,1503.3 1 0
github.com/DevopsArtFactory/goployer/pkg/deployer/deployer.go:1505.2,1505.17 1 0
github.com/DevopsArtFactory/goployer/pkg/deployer/deployer.go:1505.17,1507.3 1 0
github.com/DevopsArtFactory/goployer/pkg/deployer/deployer.go:1509.2,1509.49 1 0
github.com/DevopsArtFactory/goployer/pkg/deployer/deployer.go:1509.49,1511.3 1 0
github.com/DevopsArtFactory/goployer/pkg/deployer/deployer.go:1513.2,1519.22 2 0
github.com/DevopsArtFactory/goployer/pkg/deployer/deployer.go:1523.75,1524.33 1 1
github.com/DevopsArtFactory/goployer/pkg/deployer/deployer.go:1524.33,1525.30 1 1
github.com/DevopsArtFactory/goployer/pkg/deployer/deployer.go:1525.30,1527.4 1 1
github.com/DevopsArtFactory/goployer/pkg/deployer/deployer.go:1530.2,1530.14 1 1
github.com/DevopsArtFactory/goployer/pkg/deployer/deployer.go:1534.80,1537.15 2 0
github.com/DevopsArtFactory/goployer/pkg/deployer/deployer.go:1537.15,1539.3 1 0
github.com/DevopsArtFactory/goployer/pkg/deployer/deployer.go:1541.2,1541.13 1 0
github.com/DevopsArtFactory/goployer/pkg/deployer/deployer.go:1545.65,1547.14 2 0
github.com/DevopsArtFactory/goployer/pkg/deployer/deployer.go:1547.14,1549.3 1 0
github.com/DevopsArtFactory/goployer/pkg/deployer/deployer.go:1551.2,1551.13 1 0
github.com/DevopsArtFactory/goployer/pkg/deployer/deployer.go:1554.117,1558.47 4 1
github.com/DevopsArtFactory/goployer/pkg/deployer/deployer.go:1558.47,1560.3 1 0
github.com/DevopsArtFactory/goployer/pkg/deployer/deployer.go:1561.2,1562.53 2 1
github.com/DevopsArtFactory/goployer/pkg/deployer/deployer.go:1562.53,1564.59 2 1
github.com/DevopsArtFactory/goployer/pkg/deployer/deployer.go:1564.59,1566.4 1 0
github.com/DevopsArtFactory/goployer/pkg/deployer/deployer.go:1568.2,1568.64 1 1
github.com/DevopsArtFactory/goployer/pkg/deployer/deployer.go:1568.64,1570.3 1 0
github.com/DevopsArtFactory/goployer/pkg/deployer/deployer.go:1571.2,1571.157 1 1
github.com/DevopsArtFactory/goployer/pkg/deployer/deployer.go:1571.157,1573.3 1 0
github.com/DevopsArtFactory/goployer/pkg/deployer/deployer.go:1574.2,1574.12 1 1
github.com/DevopsArtFactory/goployer/pkg/deployer/deployonly.go:39.58,41.41 2 0
github.com/DevopsArtFactory/goployer/pkg/deployer/deployonly.go:41.41,42.53 1 0
github.com/DevopsArtFactory/goployer/pkg/deployer/deployonly.go:42.53,44.12 2 0
github.com/DevopsArtFactory/goployer/pkg/deployer/deployonly.go:46.3,46.92 1 0
github.com/DevopsArtFactory/goployer/pkg/deployer/deployonly.go:49.2,53.3 2 0
github.com/DevopsArtFactory/goployer/pkg/deployer/deployonly.go:57.46,59.2 1 0
github.com/DevopsArtFactory/goployer/pkg/deployer/deployonly.go:62.74,64.16 2 0
github.com/DevopsArtFactory/goployer/pkg/deployer/deployonly.go:64.16,66.3 1 0
github.com/DevopsArtFactory/goployer/pkg/deployer/deployonly.go:68.2,68.12 1 0
github.com/DevopsArtFactory/goployer/pkg/deployer/deployonly.go:72.58,73.48 1 0
github.com/DevopsArtFactory/goployer/pkg/deployer/deployonly.go:73.48,75.3 1 0
github.com/DevopsArtFactory/goployer/pkg/deployer/deployonly.go:77.2,82.41 3 0
github.com/DevopsArtFactory/goployer/pkg/deployer/deployonly.go:82.41,85.60 1 0
github.com/DevopsArtFactory/goployer/pkg/deployer/deployonly.go:85.60,87.12 2 0
github.com/DevopsArtFactory/goployer/pkg/deployer/deployonly.go:90.3,91.17 2 0
github.com/DevopsArtFactory/goployer/pkg/deployer/deployonly.go:91.17,93.4 1 0
github.com/DevopsArtFactory/goployer/pkg/deployer/deployonly.go:96.2,97.12 2 0
github.com/DevopsArtFactory/goployer/pkg/deployer/deployonly.go:101.61,109.2 3 0
github.com/DevopsArtFactory/goployer/pkg/deployer/deployonly.go:112.72,113.41 1 0
github.com/DevopsArtFactory/goployer/pkg/deployer/deployonly.go:113.41,115.3 1 0
github.com/DevopsArtFactory/goployer/pkg/deployer/deployonly.go:117.2,119.14 2 0
github.com/DevopsArtFactory/goployer/pkg/deployer/deployonly.go:119.14,120.58 1 0
github.com/DevopsArtFactory/goployer/pkg/deployer/deployonly.go:120.58,122.4 1 0
github.com/DevopsArtFactory/goployer/pkg/deployer/deployonly.go:125.2,127.12 3 0
github.com/DevopsArtFactory/goployer/pkg/deployer/deployonly.go:131.77,132.49 1 0
github.com/DevopsArtFactory/goployer/pkg/deployer/deployonly.go:132.49,134.3 1 0
github.com/DevopsArtFactory/goployer/pkg/deployer/deployonly.go:135.2,135.53 1 0
github.com/DevopsArtFactory/goployer/pkg/deployer/deployonly.go:139.72,140.59 1 0
github.com/DevopsArtFactory/goployer/pkg/deployer/deployonly.go:140.59,142.3 1 0
github.com/DevopsArtFactory/goployer/pkg/deployer/deployonly.go:143.2,146.28 3 0
github.com/DevopsArtFactory/goployer/pkg/deployer/deployonly.go:146.28,147.56 1 0
github.com/DevopsArtFactory/goployer/pkg/deployer/deployonly.go:147.56,149.4 1 0
github.com/DevopsArtFactory/goployer/pkg/deployer/deployonly.go:152.2,152.14 1 0
github.com/DevopsArtFactory/goployer/pkg/deployer/deployonly.go:152.14,153.65 1 0
github.com/DevopsArtFactory/goployer/pkg/deployer/deployonly.go:153.65,155.4 1 0
github.com/DevopsArtFactory/goployer/pkg/deployer/deployonly.go:157.2,158.12 2 0
github.com/DevopsArtFactory/goployer/pkg/deployer/deployonly.go:162.65,163.55 1 0
github.com/DevopsArtFactory/goployer/pkg/deployer/deployonly.go:163.55,165.3 1 0
github.com/DevopsArtFactory/goployer/pkg/deployer/deployonly.go:166.2,168.12 2 0
github.com/DevopsArtFactory/goployer/pkg/deployer/deployonly.go:168.12,170.16 2 0
github.com/DevopsArtFactory/goployer/pkg/deployer/deployonly.go:170.16,172.4 1 0
github.com/DevopsArtFactory/goployer/pkg/deployer/deployonly.go:174.3,175.17 2 0
github.com/DevopsArtFactory/goployer/pkg/deployer/deployonly.go:175.17,177.4 1 0
github.com/DevopsArtFactory/goployer/pkg/deployer/deployonly.go:179.3,179.13 1 0
github.com/DevopsArtFactory/goployer/pkg/deployer/deployonly.go:179.13,181.4 1 0
github.com/DevopsArtFactory/goployer/pkg/deployer/deployonly.go:181.9,184.4 2 0
github.com/DevopsArtFactory/goployer/pkg/deployer/deployonly.go:187.2,188.12 2 0
github.com/DevopsArtFactory/goployer/pkg/deployer/deployonly.go:192.65,193.27 1 0
github.com/DevopsArtFactory/goployer/pkg/deployer/deployonly.go:193.27,195.3 1 0
github.com/DevopsArtFactory/goployer/pkg/deployer/deployonly.go:197.2,197.28 1 0
github.com/DevopsArtFactory/goployer/pkg/deployer/deployonly.go:197.28,198.56 1 0
github.com/DevopsArtFactory/goployer/pkg/deployer/deployonly.go:198.56,200.4 1 0
github.com/DevopsArtFactory/goployer/pkg/deployer/deployonly.go:203.2,203.56 1 0
github.com/DevopsArtFactory/goployer/pkg/deployer/deployonly.go:203.56,205.3 1 0
github.com/DevopsArtFactory/goployer/pkg/deployer/deployonly.go:207.2,207.12 1 0
github.com/DevopsArtFactory/goployer/pkg/deployer/deployonly.go:211.62,213.2 1 0
github.com/DevopsArtFactory/goployer/pkg/deployer/rollingupdate.go:44.64,46.41 2 0
github.com/DevopsArtFactory/goployer/pkg/deployer/rollingupdate.go:46.41,47.53 1 0
github.com/DevopsArtFactory/goployer/pkg/deployer/rollingupdate.go:47.53,49.12 2 0
github.com/DevopsArtFactory/goployer/pkg/deployer/rollingupdate.go:51.3,51.92 1 0
github.com/DevopsArtFactory/goployer/pkg/deployer/rollingupdate.go:54.2,63.3 2 0
github.com/DevopsArtFactory/goployer/pkg/deployer/rollingupdate.go:67.49,69.2 1 0
github.com/DevopsArtFactory/goployer/pkg/deployer/rollingupdate.go:72.77,74.16 2 0
github.com/DevopsArtFactory/goployer/pkg/deployer/rollingupdate.go:74.16,76.3 1 0
github.com/DevopsArtFactory/goployer/pkg/deployer/rollingupdate.go:78.2,78.12 1 0
github.com/DevopsArtFactory/goployer/pkg/deployer/rollingupdate.go:82.61,83.48 1 0
github.com/DevopsArtFactory/goployer/pkg/deployer/rollingupdate.go:83.48,85.3 1 0
github.com/DevopsArtFactory/goployer/pkg/deployer/rollingupdate.go:86.2,89.41 3 0
github.com/DevopsArtFactory/goployer/pkg/deployer/rollingupdate.go:89.41,90.60 1 0
github.com/DevopsArtFactory/goployer/pkg/deployer/rollingupdate.go:90.60,92.12 2 0
github.com/DevopsArtFactory/goployer/pkg/deployer/rollingupdate.go:95.3,96.17 2 0
github.com/DevopsArtFactory/goployer/pkg/deployer/rollingupdate.go:96.17,98.4 1 0
github.com/DevopsArtFactory/goployer/pkg/deployer/rollingupdate.go:101.2,102.12 2 0
github.com/DevopsArtFactory/goployer/pkg/deployer/rollingupdate.go:106.69,109.15 2 0
github.com/DevopsArtFactory/goployer/pkg/deployer/rollingupdate.go:109.15,112.16 3 0
github.com/DevopsArtFactory/goployer/pkg/deployer/rollingupdate.go:112.16,114.4 1 0
github.com/DevopsArtFactory/goployer/pkg/deployer/rollingupdate.go:116.3,117.17 2 0
github.com/DevopsArtFactory/goployer/pkg/deployer/rollingupdate.go:117.17,119.4 1 0
github.com/DevopsArtFactory/goployer/pkg/deployer/rollingupdate.go:121.3,121.13 1 0
github.com/DevopsArtFactory/goployer/pkg/deployer/rollingupdate.go:121.13,123.4 1 0
github.com/DevopsArtFactory/goployer/pkg/deployer/rollingupdate.go:123.9,125.4 1 0
github.com/DevopsArtFactory/goployer/pkg/deployer/rollingupdate.go:128.2,128.12 1 0
github.com/DevopsArtFactory/goployer/pkg/deployer/rollingupdate.go:132.75,133.41 1 0
github.com/DevopsArtFactory/goployer/pkg/deployer/rollingupdate.go:133.41,135.3 1 0
github.com/DevopsArtFactory/goployer/pkg/deployer/rollingupdate.go:137.2,139.14 2 0
github.com/DevopsArtFactory/goployer/pkg/deployer/rollingupdate.go:139.14,140.42 1 0
github.com/DevopsArtFactory/goployer/pkg/deployer/rollingupdate.go:140.42,141.64 1 0
github.com/DevopsArtFactory/goployer/pkg/deployer/rollingupdate.go:141.64,143.13 2 0
github.com/DevopsArtFactory/goployer/pkg/deployer/rollingupdate.go:146.4,146.66 1 0
github.com/DevopsArtFactory/goployer/pkg/deployer/rollingupdate.go:146.66,148.5 1 0
github.com/DevopsArtFactory/goployer/pkg/deployer/rollingupdate.go:151.3,151.58 1 0
github.com/DevopsArtFactory/goployer/pkg/deployer/rollingupdate.go:151.58,153.4 1 0
github.com/DevopsArtFactory/goployer/pkg/deployer/rollingupdate.go:156.2,158.12 3 0
github.com/DevopsArtFactory/goployer/pkg/deployer/rollingupdate.go:162.80,163.49 1 0
github.com/DevopsArtFactory/goployer/pkg/deployer/rollingupdate.go:163.49,165.3 1 0
github.com/DevopsArtFactory/goployer/pkg/deployer/rollingupdate.go:166.2,166.27 1 0
github.com/DevopsArtFactory/goployer/pkg/deployer/rollingupdate.go:166.27,169.3 2 0
github.com/DevopsArtFactory/goployer/pkg/deployer/rollingupdate.go:170.2,170.53 1 0
github.com/DevopsArtFactory/goployer/pkg/deployer/rollingupdate.go:174.75,175.59 1 0
github.com/DevopsArtFactory/goployer/pkg/deployer/rollingupdate.go:175.59,177.3 1 0
github.com/DevopsArtFactory/goployer/pkg/deployer/rollingupdate.go:178.2,181.12 3 0
github.com/DevopsArtFactory/goployer/pkg/deployer/rollingupdate.go:185.68,186.48 1 0
github.com/DevopsArtFactory/goployer/pkg/deployer/rollingupdate.go:186.48,188.3 1 0
github.com/DevopsArtFactory/goployer/pkg/deployer/rollingupdate.go:189.2,189.27 1 0
github.com/DevopsArtFactory/goployer/pkg/deployer/rollingupdate.go:189.27,191.3 1 0
github.com/DevopsArtFactory/goployer/pkg/deployer/rollingupdate.go:193.2,193.28 1 0
github.com/DevopsArtFactory/goployer/pkg/deployer/rollingupdate.go:193.28,194.56 1 0
github.com/DevopsArtFactory/goployer/pkg/deployer/rollingupdate.go:194.56,196.4 1 0
github.com/DevopsArtFactory/goployer/pkg/deployer/rollingupdate.go:199.2,199.28 1 0
github.com/DevopsArtFactory/goployer/pkg/deployer/rollingupdate.go:199.28,202.3 2 0
github.com/DevopsArtFactory/goployer/pkg/deployer/rollingupdate.go:204.2,204.56 1 0
github.com/DevopsArtFactory/goployer/pkg/deployer/rollingupdate.go:204.56,206.3 1 0
github.com/DevopsArtFactory/goployer/pkg/deployer/rollingupdate.go:208.2,209.12 2 0
github.com/DevopsArtFactory/goployer/pkg/deployer/rollingupdate.go:213.65,214.48 1 0
github.com/DevopsArtFactory/goployer/pkg/deployer/rollingupdate.go:214.48,216.3 1 0
github.com/DevopsArtFactory/goployer/pkg/deployer/rollingupdate.go:218.2,218.28 1 0
github.com/DevopsArtFactory/goployer/pkg/deployer/rollingupdate.go:218.28,221.3 2 0
github.com/DevopsArtFactory/goployer/pkg/deployer/rollingupdate.go:223.2,224.16 2 0
github.com/DevopsArtFactory/goployer/pkg/deployer/rollingupdate.go:224.16,226.3 1 0
github.com/DevopsArtFactory/goployer/pkg/deployer/rollingupdate.go:228.2,229.12 2 0
github.com/DevopsArtFactory/goployer/pkg/deployer/rollingupdate.go:233.68,234.55 1 0
github.com/DevopsArtFactory/goployer/pkg/deployer/rollingupdate.go:234.55,236.3 1 0
github.com/DevopsArtFactory/goployer/pkg/deployer/rollingupdate.go:237.2,239.12 2 0
github.com/DevopsArtFactory/goployer/pkg/deployer/rollingupdate.go:239.12,241.16 2 0
github.com/DevopsArtFactory/goployer/pkg/deployer/rollingupdate.go:241.16,243.4 1 0
github.com/DevopsArtFactory/goployer/pkg/deployer/rollingupdate.go:245.3,246.17 2 0
github.com/DevopsArtFactory/goployer/pkg/deployer/rollingupdate.go:246.17,248.4 1 0
github.com/DevopsArtFactory/goployer/pkg/deployer/rollingupdate.go:250.3,250.13 1 0
github.com/DevopsArtFactory/goployer/pkg/deployer/rollingupdate.go:250.13,252.4 1 0
github.com/DevopsArtFactory/goployer/pkg/deployer/rollingupdate.go:252.9,255.4 2 0
github.com/DevopsArtFactory/goployer/pkg/deployer/rollingupdate.go:258.2,259.12 2 0
github.com/DevopsArtFactory/goployer/pkg/deployer/rollingupdate.go:263.105,265.9 2 0
github.com/DevopsArtFactory/goployer/pkg/deployer/rollingupdate.go:265.9,267.3 1 0
github.com/DevopsArtFactory/goployer/pkg/deployer/rollingupdate.go:268.2,271.16 3 0
github.com/DevopsArtFactory/goployer/pkg/deployer/rollingupdate.go:271.16,273.3 1 0
github.com/DevopsArtFactory/goployer/pkg/deployer/rollingupdate.go:275.2,275.22 1 0
github.com/DevopsArtFactory/goployer/pkg/deployer/rollingupdate.go:275.22,277.3 1 0
github.com/DevopsArtFactory/goployer/pkg/deployer/rollingupdate.go:279.2,280.16 2 0
github.com/DevopsArtFactory/goployer/pkg/deployer/rollingupdate.go:280.16,282.3 1 0
github.com/DevopsArtFactory/goployer/pkg/deployer/rollingupdate.go:284.2,287.85 3 0
github.com/DevopsArtFactory/goployer/pkg/deployer/rollingupdate.go:287.85,288.24 1 0
github.com/DevopsArtFactory/goployer/pkg/deployer/rollingupdate.go:288.24,290.18 2 0
github.com/DevopsArtFactory/goployer/pkg/deployer/rollingupdate.go:290.18,292.5 1 0
github.com/DevopsArtFactory/goployer/pkg/deployer/rollingupdate.go:295.3,295.116 1 0
github.com/DevopsArtFactory/goployer/pkg/deployer/rollingupdate.go:295.116,297.4 1 0
github.com/DevopsArtFactory/goployer/pkg/deployer/rollingupdate.go:299.3,300.111 2 0
github.com/DevopsArtFactory/goployer/pkg/deployer/rollingupdate.go:300.111,302.4 1 0
github.com/DevopsArtFactory/goployer/pkg/deployer/rollingupdate.go:305.3,307.50 2 0
github.com/DevopsArtFactory/goployer/pkg/deployer/rollingupdate.go:307.50,309.4 1 0
github.com/DevopsArtFactory/goployer/pkg/deployer/rollingupdate.go:311.2,311.12 1 0
github.com/DevopsArtFactory/goployer/pkg/deployer/rollingupdate.go:315.123,316.39 1 0
github.com/DevopsArtFactory/goployer/pkg/deployer/rollingupdate.go:316.39,318.40 2 0
github.com/DevopsArtFactory/goployer/pkg/deployer/rollingupdate.go:318.40,320.4 1 0
github.com/DevopsArtFactory/goployer/pkg/deployer/rollingupdate.go:323.2,323.47 1 0
github.com/DevopsArtFactory/goployer/pkg/deployer/rollingupdate.go:323.47,325.48 2 0
github.com/DevopsArtFactory/goployer/pkg/deployer/rollingupdate.go:325.48,327.4 1 0
github.com/DevopsArtFactory/goployer/pkg/deployer/rollingupdate.go:330.2,330.39 1 0
github.com/DevopsArtFactory/goployer/pkg/deployer/rollingupdate.go:330.39,332.40 2 0
github.com/DevopsArtFactory/goployer/pkg/deployer/rollingupdate.go:332.40,334.4 1 0
github.com/DevopsArtFactory/goployer/pkg/deployer/rollingupdate.go:336.2,336.12 1 0
github.com/DevopsArtFactory/goployer/pkg/deployer/rollingupdate.go:340.86,342.2 1 0
